TN:
SF:utils\accessibilityUtils.ts
FN:24,(anonymous_0)
FN:58,(anonymous_1)
FN:76,(anonymous_2)
FN:114,(anonymous_3)
FN:124,(anonymous_4)
FN:137,(anonymous_5)
FN:146,(anonymous_6)
FN:147,(anonymous_7)
FN:155,(anonymous_8)
FN:165,(anonymous_9)
FN:180,(anonymous_10)
FN:188,(anonymous_11)
FN:202,(anonymous_12)
FN:216,(anonymous_13)
FN:223,(anonymous_14)
FN:231,(anonymous_15)
FN:238,(anonymous_16)
FN:246,(anonymous_17)
FN:255,(anonymous_18)
FN:264,(anonymous_19)
FN:276,(anonymous_20)
FN:277,(anonymous_21)
FN:302,(anonymous_22)
FN:309,(anonymous_23)
FN:316,(anonymous_24)
FN:343,(anonymous_25)
FN:362,(anonymous_26)
FN:393,(anonymous_27)
FN:404,(anonymous_28)
FN:418,(anonymous_29)
FN:423,(anonymous_30)
FN:437,(anonymous_31)
FN:443,(anonymous_32)
FN:453,(anonymous_33)
FN:461,(anonymous_34)
FN:467,(anonymous_35)
FNF:36
FNH:0
FNDA:0,(anonymous_0)
FNDA:0,(anonymous_1)
FNDA:0,(anonymous_2)
FNDA:0,(anonymous_3)
FNDA:0,(anonymous_4)
FNDA:0,(anonymous_5)
FNDA:0,(anonymous_6)
FNDA:0,(anonymous_7)
FNDA:0,(anonymous_8)
FNDA:0,(anonymous_9)
FNDA:0,(anonymous_10)
FNDA:0,(anonymous_11)
FNDA:0,(anonymous_12)
FNDA:0,(anonymous_13)
FNDA:0,(anonymous_14)
FNDA:0,(anonymous_15)
FNDA:0,(anonymous_16)
FNDA:0,(anonymous_17)
FNDA:0,(anonymous_18)
FNDA:0,(anonymous_19)
FNDA:0,(anonymous_20)
FNDA:0,(anonymous_21)
FNDA:0,(anonymous_22)
FNDA:0,(anonymous_23)
FNDA:0,(anonymous_24)
FNDA:0,(anonymous_25)
FNDA:0,(anonymous_26)
FNDA:0,(anonymous_27)
FNDA:0,(anonymous_28)
FNDA:0,(anonymous_29)
FNDA:0,(anonymous_30)
FNDA:0,(anonymous_31)
FNDA:0,(anonymous_32)
FNDA:0,(anonymous_33)
FNDA:0,(anonymous_34)
FNDA:0,(anonymous_35)
DA:14,0
DA:19,0
DA:24,0
DA:25,0
DA:26,0
DA:27,0
DA:28,0
DA:29,0
DA:30,0
DA:31,0
DA:32,0
DA:33,0
DA:34,0
DA:35,0
DA:36,0
DA:37,0
DA:38,0
DA:39,0
DA:40,0
DA:41,0
DA:58,0
DA:62,0
DA:63,0
DA:66,0
DA:76,0
DA:82,0
DA:83,0
DA:85,0
DA:86,0
DA:89,0
DA:90,0
DA:94,0
DA:95,0
DA:103,0
DA:104,0
DA:108,0
DA:114,0
DA:115,0
DA:116,0
DA:118,0
DA:124,0
DA:125,0
DA:126,0
DA:128,0
DA:129,0
DA:137,0
DA:138,0
DA:139,0
DA:146,0
DA:147,0
DA:148,0
DA:155,0
DA:156,0
DA:157,0
DA:165,0
DA:166,0
DA:167,0
DA:169,0
DA:170,0
DA:173,0
DA:180,0
DA:181,0
DA:188,0
DA:189,0
DA:196,0
DA:202,0
DA:203,0
DA:209,0
DA:216,0
DA:217,0
DA:223,0
DA:224,0
DA:225,0
DA:231,0
DA:232,0
DA:238,0
DA:239,0
DA:246,0
DA:247,0
DA:248,0
DA:255,0
DA:264,0
DA:265,0
DA:266,0
DA:268,0
DA:276,0
DA:277,0
DA:278,0
DA:279,0
DA:282,0
DA:286,0
DA:287,0
DA:288,0
DA:289,0
DA:290,0
DA:292,0
DA:302,0
DA:303,0
DA:309,0
DA:310,0
DA:316,0
DA:322,0
DA:324,0
DA:343,0
DA:344,0
DA:345,0
DA:352,0
DA:362,0
DA:369,0
DA:371,0
DA:372,0
DA:373,0
DA:375,0
DA:376,0
DA:379,0
DA:393,0
DA:394,0
DA:404,0
DA:405,0
DA:416,0
DA:418,0
DA:419,0
DA:420,0
DA:423,0
DA:424,0
DA:425,0
DA:432,0
DA:438,0
DA:439,0
DA:444,0
DA:445,0
DA:447,0
DA:448,0
DA:454,0
DA:461,0
DA:462,0
DA:463,0
DA:464,0
DA:467,0
DA:468,0
DA:482,0
LF:141
LH:0
BRDA:24,0,0,0
BRDA:24,0,1,0
BRDA:62,1,0,0
BRDA:62,2,0,0
BRDA:62,2,1,0
BRDA:85,3,0,0
BRDA:85,4,0,0
BRDA:85,4,1,0
BRDA:89,5,0,0
BRDA:94,6,0,0
BRDA:103,7,0,0
BRDA:115,8,0,0
BRDA:138,9,0,0
BRDA:138,10,0,0
BRDA:138,10,1,0
BRDA:146,11,0,0
BRDA:156,12,0,0
BRDA:156,13,0,0
BRDA:156,13,1,0
BRDA:165,14,0,0
BRDA:169,15,0,0
BRDA:170,16,0,0
BRDA:170,16,1,0
BRDA:173,17,0,0
BRDA:173,17,1,0
BRDA:216,18,0,0
BRDA:224,19,0,0
BRDA:224,19,1,0
BRDA:246,20,0,0
BRDA:247,21,0,0
BRDA:247,21,1,0
BRDA:266,22,0,0
BRDA:279,23,0,0
BRDA:279,23,1,0
BRDA:330,24,0,0
BRDA:330,24,1,0
BRDA:343,25,0,0
BRDA:344,26,0,0
BRDA:372,27,0,0
BRDA:373,28,0,0
BRDA:373,28,1,0
BRDA:375,29,0,0
BRDA:382,30,0,0
BRDA:382,30,1,0
BRDA:418,31,0,0
BRDA:419,32,0,0
BRDA:447,33,0,0
BRDA:461,34,0,0
BRDA:461,34,1,0
BRF:49
BRH:0
end_of_record
TN:
SF:utils\achievementTriggers.ts
FN:15,(anonymous_0)
FN:27,(anonymous_1)
FN:35,(anonymous_2)
FN:71,(anonymous_3)
FN:80,(anonymous_4)
FN:94,(anonymous_5)
FN:111,(anonymous_6)
FN:125,(anonymous_7)
FN:134,(anonymous_8)
FN:150,(anonymous_9)
FN:164,(anonymous_10)
FN:173,(anonymous_11)
FN:187,(anonymous_12)
FN:213,(anonymous_13)
FNF:14
FNH:0
FNDA:0,(anonymous_0)
FNDA:0,(anonymous_1)
FNDA:0,(anonymous_2)
FNDA:0,(anonymous_3)
FNDA:0,(anonymous_4)
FNDA:0,(anonymous_5)
FNDA:0,(anonymous_6)
FNDA:0,(anonymous_7)
FNDA:0,(anonymous_8)
FNDA:0,(anonymous_9)
FNDA:0,(anonymous_10)
FNDA:0,(anonymous_11)
FNDA:0,(anonymous_12)
FNDA:0,(anonymous_13)
DA:8,0
DA:9,0
DA:15,0
DA:16,0
DA:17,0
DA:19,0
DA:27,0
DA:28,0
DA:29,0
DA:31,0
DA:32,0
DA:35,0
DA:36,0
DA:38,0
DA:39,0
DA:40,0
DA:42,0
DA:46,0
DA:47,0
DA:54,0
DA:66,0
DA:72,0
DA:73,0
DA:81,0
DA:82,0
DA:89,0
DA:96,0
DA:97,0
DA:98,0
DA:106,0
DA:112,0
DA:113,0
DA:120,0
DA:126,0
DA:127,0
DA:135,0
DA:136,0
DA:137,0
DA:145,0
DA:151,0
DA:152,0
DA:159,0
DA:165,0
DA:166,0
DA:174,0
DA:175,0
DA:182,0
DA:188,0
DA:189,0
DA:196,0
DA:213,0
DA:214,0
DA:215,0
LF:53
LH:0
BRDA:31,0,0,0
BRDA:31,1,0,0
BRDA:31,1,1,0
BRDA:36,2,0,0
BRDA:36,3,0,0
BRDA:36,3,1,0
BRDA:96,4,0,0
BRDA:135,5,0,0
BRF:8
BRH:0
end_of_record
TN:
SF:utils\activityIntegration.ts
FN:22,(anonymous_1)
FN:57,(anonymous_2)
FN:80,(anonymous_3)
FN:101,(anonymous_4)
FN:124,(anonymous_5)
FN:153,(anonymous_6)
FN:169,(anonymous_7)
FN:189,(anonymous_8)
FN:209,(anonymous_9)
FN:228,(anonymous_10)
FN:251,(anonymous_11)
FN:266,(anonymous_12)
FN:281,(anonymous_13)
FN:298,(anonymous_14)
FN:327,(anonymous_15)
FNF:15
FNH:0
FNDA:0,(anonymous_1)
FNDA:0,(anonymous_2)
FNDA:0,(anonymous_3)
FNDA:0,(anonymous_4)
FNDA:0,(anonymous_5)
FNDA:0,(anonymous_6)
FNDA:0,(anonymous_7)
FNDA:0,(anonymous_8)
FNDA:0,(anonymous_9)
FNDA:0,(anonymous_10)
FNDA:0,(anonymous_11)
FNDA:0,(anonymous_12)
FNDA:0,(anonymous_13)
FNDA:0,(anonymous_14)
FNDA:0,(anonymous_15)
DA:9,0
DA:10,0
DA:11,0
DA:13,0
DA:18,0
DA:23,0
DA:25,0
DA:31,0
DA:32,0
DA:35,0
DA:41,0
DA:42,0
DA:44,0
DA:47,0
DA:49,0
DA:50,0
DA:58,0
DA:59,0
DA:61,0
DA:62,0
DA:65,0
DA:67,0
DA:68,0
DA:76,0
DA:81,0
DA:82,0
DA:84,0
DA:85,0
DA:88,0
DA:91,0
DA:93,0
DA:94,0
DA:102,0
DA:103,0
DA:105,0
DA:106,0
DA:109,0
DA:111,0
DA:112,0
DA:120,0
DA:130,0
DA:133,0
DA:136,0
DA:138,0
DA:140,0
DA:141,0
DA:149,0
DA:154,0
DA:157,0
DA:159,0
DA:161,0
DA:162,0
DA:170,0
DA:172,0
DA:174,0
DA:176,0
DA:177,0
DA:185,0
DA:190,0
DA:192,0
DA:194,0
DA:196,0
DA:197,0
DA:205,0
DA:210,0
DA:212,0
DA:213,0
DA:216,0
DA:218,0
DA:220,0
DA:221,0
DA:229,0
DA:231,0
DA:234,0
DA:236,0
DA:238,0
DA:239,0
DA:247,0
DA:252,0
DA:254,0
DA:256,0
DA:258,0
DA:259,0
DA:267,0
DA:269,0
DA:271,0
DA:273,0
DA:274,0
DA:282,0
DA:284,0
DA:286,0
DA:288,0
DA:289,0
DA:298,0
DA:304,0
DA:306,0
DA:307,0
DA:310,0
DA:311,0
DA:314,0
DA:315,0
DA:316,0
DA:319,0
DA:327,0
DA:332,0
DA:333,0
DA:336,0
DA:338,0
DA:358,0
LF:109
LH:0
BRDA:31,0,0,0
BRDA:31,1,0,0
BRDA:31,1,1,0
BRDA:37,2,0,0
BRDA:37,2,1,0
BRDA:61,3,0,0
BRDA:84,4,0,0
BRDA:105,5,0,0
BRDA:306,6,0,0
BRDA:310,7,0,0
BRDA:310,7,1,0
BRDA:315,8,0,0
BRF:12
BRH:0
end_of_record
TN:
SF:utils\activityTriggers.ts
FN:19,(anonymous_0)
FN:47,(anonymous_1)
FN:60,(anonymous_2)
FN:72,(anonymous_3)
FN:89,(anonymous_4)
FN:102,(anonymous_5)
FN:120,(anonymous_6)
FN:132,(anonymous_7)
FN:149,(anonymous_8)
FN:161,(anonymous_9)
FN:174,(anonymous_10)
FN:191,(anonymous_11)
FN:204,(anonymous_12)
FN:222,(anonymous_13)
FN:235,(anonymous_14)
FN:252,(anonymous_15)
FN:265,(anonymous_16)
FN:282,(anonymous_17)
FN:294,(anonymous_18)
FN:307,(anonymous_19)
FN:325,(anonymous_20)
FN:337,(anonymous_21)
FN:349,(anonymous_22)
FN:366,(anonymous_23)
FN:378,(anonymous_24)
FN:390,(anonymous_25)
FN:407,(anonymous_26)
FN:420,(anonymous_27)
FN:433,(anonymous_28)
FN:464,(anonymous_29)
FNF:30
FNH:0
FNDA:0,(anonymous_0)
FNDA:0,(anonymous_1)
FNDA:0,(anonymous_2)
FNDA:0,(anonymous_3)
FNDA:0,(anonymous_4)
FNDA:0,(anonymous_5)
FNDA:0,(anonymous_6)
FNDA:0,(anonymous_7)
FNDA:0,(anonymous_8)
FNDA:0,(anonymous_9)
FNDA:0,(anonymous_10)
FNDA:0,(anonymous_11)
FNDA:0,(anonymous_12)
FNDA:0,(anonymous_13)
FNDA:0,(anonymous_14)
FNDA:0,(anonymous_15)
FNDA:0,(anonymous_16)
FNDA:0,(anonymous_17)
FNDA:0,(anonymous_18)
FNDA:0,(anonymous_19)
FNDA:0,(anonymous_20)
FNDA:0,(anonymous_21)
FNDA:0,(anonymous_22)
FNDA:0,(anonymous_23)
FNDA:0,(anonymous_24)
FNDA:0,(anonymous_25)
FNDA:0,(anonymous_26)
FNDA:0,(anonymous_27)
FNDA:0,(anonymous_28)
FNDA:0,(anonymous_29)
DA:8,0
DA:19,0
DA:26,0
DA:27,0
DA:35,0
DA:43,0
DA:48,0
DA:61,0
DA:73,0
DA:85,0
DA:90,0
DA:103,0
DA:116,0
DA:121,0
DA:133,0
DA:145,0
DA:150,0
DA:162,0
DA:175,0
DA:187,0
DA:192,0
DA:205,0
DA:218,0
DA:223,0
DA:236,0
DA:248,0
DA:253,0
DA:266,0
DA:278,0
DA:283,0
DA:295,0
DA:308,0
DA:321,0
DA:326,0
DA:338,0
DA:350,0
DA:362,0
DA:367,0
DA:379,0
DA:391,0
DA:403,0
DA:408,0
DA:421,0
DA:434,0
DA:447,0
DA:464,0
DA:473,0
DA:474,0
DA:476,0
LF:49
LH:0
BRDA:31,0,0,0
BRDA:31,0,1,0
BRF:2
BRH:0
end_of_record
TN:
SF:utils\analyticsConsent.ts
FN:18,(anonymous_1)
FN:22,(anonymous_2)
FN:32,(anonymous_3)
FN:56,(anonymous_4)
FN:67,(anonymous_5)
FN:87,(anonymous_6)
FN:115,(anonymous_7)
FN:126,(anonymous_8)
FN:134,(anonymous_9)
FN:142,(anonymous_10)
FN:161,(anonymous_11)
FN:178,(anonymous_12)
FN:191,(anonymous_13)
FN:210,(anonymous_14)
FN:227,(anonymous_15)
FN:235,(anonymous_16)
FNF:16
FNH:0
FNDA:0,(anonymous_1)
FNDA:0,(anonymous_2)
FNDA:0,(anonymous_3)
FNDA:0,(anonymous_4)
FNDA:0,(anonymous_5)
FNDA:0,(anonymous_6)
FNDA:0,(anonymous_7)
FNDA:0,(anonymous_8)
FNDA:0,(anonymous_9)
FNDA:0,(anonymous_10)
FNDA:0,(anonymous_11)
FNDA:0,(anonymous_12)
FNDA:0,(anonymous_13)
FNDA:0,(anonymous_14)
FNDA:0,(anonymous_15)
FNDA:0,(anonymous_16)
DA:7,0
DA:9,0
DA:11,0
DA:12,0
DA:14,0
DA:16,0
DA:19,0
DA:23,0
DA:24,0
DA:26,0
DA:35,0
DA:47,0
DA:48,0
DA:50,0
DA:57,0
DA:68,0
DA:80,0
DA:81,0
DA:91,0
DA:92,0
DA:95,0
DA:96,0
DA:97,0
DA:100,0
DA:105,0
DA:106,0
DA:108,0
DA:109,0
DA:116,0
DA:117,0
DA:120,0
DA:127,0
DA:128,0
DA:135,0
DA:136,0
DA:143,0
DA:146,0
DA:147,0
DA:151,0
DA:152,0
DA:155,0
DA:162,0
DA:163,0
DA:164,0
DA:165,0
DA:167,0
DA:170,0
DA:171,0
DA:179,0
DA:180,0
DA:181,0
DA:182,0
DA:184,0
DA:193,0
DA:196,0
DA:197,0
DA:204,0
DA:211,0
DA:228,0
DA:229,0
DA:236,0
DA:237,0
DA:238,0
DA:243,0
DA:244,0
LF:65
LH:0
BRDA:23,0,0,0
BRDA:33,1,0,0
BRDA:91,2,0,0
BRDA:95,3,0,0
BRDA:101,4,0,0
BRDA:101,4,1,0
BRDA:106,5,0,0
BRDA:106,5,1,0
BRDA:106,5,2,0
BRDA:116,6,0,0
BRDA:120,7,0,0
BRDA:120,7,1,0
BRDA:146,8,0,0
BRDA:151,9,0,0
BRDA:164,10,0,0
BRDA:164,10,1,0
BRDA:193,11,0,0
BRDA:193,11,1,0
BRDA:196,12,0,0
BRF:19
BRH:0
end_of_record
TN:
SF:utils\analyticsDebugger.ts
FN:25,(anonymous_0)
FN:27,(anonymous_1)
FN:37,(anonymous_2)
FN:63,(anonymous_3)
FN:92,(anonymous_4)
FN:99,(anonymous_5)
FN:106,(anonymous_6)
FN:107,(anonymous_7)
FN:113,(anonymous_8)
FN:124,(anonymous_9)
FN:146,(anonymous_10)
FN:162,(anonymous_11)
FN:169,(anonymous_12)
FN:177,(anonymous_13)
FN:180,(anonymous_14)
FN:201,(anonymous_15)
FN:226,(anonymous_16)
FN:234,(anonymous_17)
FN:241,(anonymous_18)
FNF:19
FNH:0
FNDA:0,(anonymous_0)
FNDA:0,(anonymous_1)
FNDA:0,(anonymous_2)
FNDA:0,(anonymous_3)
FNDA:0,(anonymous_4)
FNDA:0,(anonymous_5)
FNDA:0,(anonymous_6)
FNDA:0,(anonymous_7)
FNDA:0,(anonymous_8)
FNDA:0,(anonymous_9)
FNDA:0,(anonymous_10)
FNDA:0,(anonymous_11)
FNDA:0,(anonymous_12)
FNDA:0,(anonymous_13)
FNDA:0,(anonymous_14)
FNDA:0,(anonymous_15)
FNDA:0,(anonymous_16)
FNDA:0,(anonymous_17)
FNDA:0,(anonymous_18)
DA:8,0
DA:19,0
DA:21,0
DA:22,0
DA:23,0
DA:28,0
DA:29,0
DA:31,0
DA:38,0
DA:41,0
DA:43,0
DA:49,0
DA:52,0
DA:53,0
DA:57,0
DA:64,0
DA:65,0
DA:67,0
DA:69,0
DA:70,0
DA:73,0
DA:74,0
DA:75,0
DA:76,0
DA:78,0
DA:79,0
DA:82,0
DA:83,0
DA:86,0
DA:93,0
DA:100,0
DA:107,0
DA:120,0
DA:121,0
DA:122,0
DA:124,0
DA:125,0
DA:127,0
DA:128,0
DA:130,0
DA:134,0
DA:147,0
DA:149,0
DA:150,0
DA:151,0
DA:152,0
DA:153,0
DA:154,0
DA:155,0
DA:156,0
DA:163,0
DA:170,0
DA:171,0
DA:178,0
DA:180,0
DA:182,0
DA:183,0
DA:187,0
DA:188,0
DA:189,0
DA:190,0
DA:194,0
DA:202,0
DA:204,0
DA:206,0
DA:207,0
DA:209,0
DA:212,0
DA:213,0
DA:216,0
DA:217,0
DA:220,0
DA:227,0
DA:228,0
DA:235,0
DA:242,0
DA:247,0
DA:248,0
LF:78
LH:0
BRDA:28,0,0,0
BRDA:38,1,0,0
BRDA:52,2,0,0
BRDA:65,3,0,0
BRDA:65,3,1,0
BRDA:69,4,0,0
BRDA:69,5,0,0
BRDA:69,5,1,0
BRDA:73,6,0,0
BRDA:73,6,1,0
BRDA:78,7,0,0
BRDA:78,8,0,0
BRDA:78,8,1,0
BRDA:82,9,0,0
BRDA:82,10,0,0
BRDA:82,10,1,0
BRDA:92,11,0,0
BRDA:125,12,0,0
BRDA:125,12,1,0
BRDA:127,13,0,0
BRDA:127,13,1,0
BRDA:182,14,0,0
BRDA:187,15,0,0
BRDA:189,16,0,0
BRDA:206,17,0,0
BRDA:206,17,1,0
BRDA:212,18,0,0
BRDA:216,19,0,0
BRDA:228,20,0,0
BRDA:228,20,1,0
BRF:30
BRH:0
end_of_record
TN:
SF:utils\analyticsQueue.ts
FN:29,(anonymous_1)
FN:33,(anonymous_2)
FN:43,(anonymous_3)
FN:48,(anonymous_4)
FN:65,(anonymous_5)
FN:92,(anonymous_6)
FN:124,(anonymous_7)
FN:133,(anonymous_8)
FN:140,(anonymous_9)
FN:159,(anonymous_10)
FN:174,(anonymous_11)
FN:185,(anonymous_12)
FN:190,(anonymous_13)
FN:200,(anonymous_14)
FN:207,(anonymous_15)
FN:214,(anonymous_16)
FN:223,(anonymous_17)
FN:230,(anonymous_18)
FNF:18
FNH:0
FNDA:0,(anonymous_1)
FNDA:0,(anonymous_2)
FNDA:0,(anonymous_3)
FNDA:0,(anonymous_4)
FNDA:0,(anonymous_5)
FNDA:0,(anonymous_6)
FNDA:0,(anonymous_7)
FNDA:0,(anonymous_8)
FNDA:0,(anonymous_9)
FNDA:0,(anonymous_10)
FNDA:0,(anonymous_11)
FNDA:0,(anonymous_12)
FNDA:0,(anonymous_13)
FNDA:0,(anonymous_14)
FNDA:0,(anonymous_15)
FNDA:0,(anonymous_16)
FNDA:0,(anonymous_17)
FNDA:0,(anonymous_18)
DA:7,0
DA:8,0
DA:11,0
DA:12,0
DA:13,0
DA:14,0
DA:22,0
DA:24,0
DA:25,0
DA:26,0
DA:30,0
DA:34,0
DA:35,0
DA:37,0
DA:45,0
DA:48,0
DA:49,0
DA:50,0
DA:52,0
DA:53,0
DA:54,0
DA:59,0
DA:66,0
DA:73,0
DA:76,0
DA:77,0
DA:78,0
DA:81,0
DA:84,0
DA:85,0
DA:93,0
DA:94,0
DA:97,0
DA:99,0
DA:101,0
DA:102,0
DA:103,0
DA:105,0
DA:106,0
DA:107,0
DA:108,0
DA:110,0
DA:113,0
DA:115,0
DA:116,0
DA:118,0
DA:124,0
DA:125,0
DA:127,0
DA:129,0
DA:132,0
DA:133,0
DA:141,0
DA:143,0
DA:151,0
DA:152,0
DA:160,0
DA:161,0
DA:162,0
DA:163,0
DA:164,0
DA:167,0
DA:175,0
DA:176,0
DA:178,0
DA:186,0
DA:187,0
DA:190,0
DA:191,0
DA:192,0
DA:201,0
DA:208,0
DA:215,0
DA:216,0
DA:217,0
DA:224,0
DA:231,0
DA:232,0
DA:238,0
DA:239,0
LF:80
LH:0
BRDA:34,0,0,0
BRDA:52,1,0,0
BRDA:52,2,0,0
BRDA:52,2,1,0
BRDA:76,3,0,0
BRDA:84,4,0,0
BRDA:84,5,0,0
BRDA:84,5,1,0
BRDA:93,6,0,0
BRDA:93,7,0,0
BRDA:93,7,1,0
BRDA:93,7,2,0
BRDA:115,8,0,0
BRDA:115,8,1,0
BRDA:132,9,0,0
BRDA:132,10,0,0
BRDA:132,10,1,0
BRDA:141,11,0,0
BRDA:141,11,1,0
BRDA:151,12,0,0
BRDA:162,13,0,0
BRDA:186,14,0,0
BRDA:191,15,0,0
BRDA:191,16,0,0
BRDA:191,16,1,0
BRDA:191,16,2,0
BRDA:231,17,0,0
BRF:27
BRH:0
end_of_record
TN:
SF:utils\apiUtils.ts
FN:42,withRetry
FN:88,withTimeout
FN:99,(anonymous_2)
FN:101,(anonymous_3)
FN:114,withRetryAndTimeout
FN:120,(anonymous_5)
FN:128,standardizeResponse
FN:158,createErrorResponse
FN:182,validateResponse
FN:213,safeJsonParse
FN:228,isNetworkError
FN:241,isTimeoutError
FN:253,getUserFriendlyErrorMessage
FN:294,sleep
FN:295,(anonymous_14)
FN:301,createAbortController
FN:309,(anonymous_16)
FN:319,logApiRequest
FN:335,logApiResponse
FN:358,parseQueryParams
FN:363,(anonymous_20)
FN:366,(anonymous_21)
FN:381,mergeResponses
FN:385,(anonymous_23)
FN:399,(anonymous_24)
FN:400,(anonymous_25)
FN:413,(anonymous_26)
FN:418,(anonymous_27)
FN:424,(anonymous_28)
FN:449,executeBatch
FNF:30
FNH:26
FNDA:7,withRetry
FNDA:4,withTimeout
FNDA:4,(anonymous_2)
FNDA:1,(anonymous_3)
FNDA:1,withRetryAndTimeout
FNDA:2,(anonymous_5)
FNDA:4,standardizeResponse
FNDA:4,createErrorResponse
FNDA:6,validateResponse
FNDA:3,safeJsonParse
FNDA:15,isNetworkError
FNDA:13,isTimeoutError
FNDA:8,getUserFriendlyErrorMessage
FNDA:7,sleep
FNDA:7,(anonymous_14)
FNDA:0,createAbortController
FNDA:0,(anonymous_16)
FNDA:0,logApiRequest
FNDA:0,logApiResponse
FNDA:5,parseQueryParams
FNDA:8,(anonymous_20)
FNDA:3,(anonymous_21)
FNDA:3,mergeResponses
FNDA:8,(anonymous_23)
FNDA:5,(anonymous_24)
FNDA:5,(anonymous_25)
FNDA:1,(anonymous_26)
FNDA:3,(anonymous_27)
FNDA:3,(anonymous_28)
FNDA:3,executeBatch
DA:26,1
DA:33,1
DA:42,1
DA:51,7
DA:54,7
DA:56,7
DA:57,11
DA:58,11
DA:60,7
DA:61,7
DA:65,7
DA:68,7
DA:69,2
DA:73,5
DA:74,5
DA:78,5
DA:82,1
DA:88,1
DA:92,4
DA:97,4
DA:100,4
DA:102,1
DA:114,1
DA:119,1
DA:120,2
DA:128,1
DA:132,4
DA:137,2
DA:148,2
DA:158,1
DA:162,4
DA:182,1
DA:186,6
DA:187,2
DA:190,4
DA:191,1
DA:194,3
DA:195,2
DA:196,2
DA:197,0
DA:200,2
DA:201,4
DA:202,1
DA:207,2
DA:213,1
DA:217,3
DA:218,3
DA:220,1
DA:221,1
DA:228,1
DA:229,15
DA:241,1
DA:242,13
DA:253,1
DA:256,8
DA:257,1
DA:260,7
DA:261,1
DA:264,6
DA:265,1
DA:268,5
DA:269,1
DA:272,4
DA:273,1
DA:276,3
DA:277,1
DA:280,2
DA:281,1
DA:284,1
DA:294,1
DA:295,7
DA:301,1
DA:307,0
DA:308,0
DA:309,0
DA:313,0
DA:319,1
DA:324,0
DA:325,0
DA:326,0
DA:327,0
DA:329,0
DA:335,1
DA:341,0
DA:344,0
DA:345,0
DA:346,0
DA:347,0
DA:349,0
DA:350,0
DA:352,0
DA:358,1
DA:361,5
DA:363,5
DA:364,8
DA:365,6
DA:366,1
DA:367,3
DA:370,5
DA:375,5
DA:381,1
DA:384,3
DA:385,8
DA:388,3
DA:389,1
DA:396,2
DA:399,5
DA:400,5
DA:408,1
DA:409,1
DA:410,1
DA:411,1
DA:414,1
DA:415,1
DA:419,3
DA:420,3
DA:421,3
DA:425,3
DA:426,3
DA:428,3
DA:429,0
DA:430,0
DA:433,3
DA:435,0
DA:436,0
DA:439,0
DA:440,0
DA:441,0
DA:449,1
DA:455,3
DA:457,3
DA:458,4
DA:459,4
DA:462,4
DA:465,4
DA:466,2
DA:470,3
LF:137
LH:112
BRDA:44,0,0,1
BRDA:65,1,0,7
BRDA:65,1,1,7
BRDA:68,2,0,2
BRDA:68,3,0,7
BRDA:68,3,1,6
BRDA:90,4,0,0
BRDA:103,5,0,1
BRDA:103,5,1,0
BRDA:116,6,0,0
BRDA:117,7,0,0
BRDA:132,8,0,2
BRDA:133,9,0,4
BRDA:133,9,1,3
BRDA:133,9,2,3
BRDA:143,10,0,2
BRDA:143,10,1,2
BRDA:160,11,0,3
BRDA:165,12,0,4
BRDA:165,12,1,2
BRDA:165,12,2,2
BRDA:165,12,3,1
BRDA:170,13,0,4
BRDA:170,13,1,2
BRDA:170,13,2,2
BRDA:170,13,3,1
BRDA:184,14,0,4
BRDA:186,15,0,2
BRDA:186,16,0,6
BRDA:186,16,1,5
BRDA:190,17,0,1
BRDA:194,18,0,2
BRDA:194,19,0,3
BRDA:194,19,1,3
BRDA:196,20,0,0
BRDA:196,21,0,2
BRDA:196,21,1,2
BRDA:201,22,0,1
BRDA:230,23,0,15
BRDA:230,23,1,13
BRDA:230,23,2,12
BRDA:230,23,3,11
BRDA:230,23,4,10
BRDA:243,24,0,13
BRDA:243,24,1,11
BRDA:243,24,2,10
BRDA:243,24,3,9
BRDA:256,25,0,1
BRDA:260,26,0,1
BRDA:264,27,0,1
BRDA:268,28,0,1
BRDA:272,29,0,1
BRDA:276,30,0,1
BRDA:280,31,0,1
BRDA:285,32,0,1
BRDA:285,32,1,0
BRDA:285,32,2,0
BRDA:326,33,0,0
BRDA:346,34,0,0
BRDA:349,35,0,0
BRDA:364,36,0,6
BRDA:364,37,0,8
BRDA:364,37,1,7
BRDA:365,38,0,1
BRDA:365,38,1,5
BRDA:388,39,0,1
BRDA:428,40,0,0
BRDA:433,41,0,0
BRDA:452,42,0,0
BRDA:453,43,0,2
BRDA:465,44,0,2
BRF:71
BRH:58
end_of_record
TN:
SF:utils\authStorage.ts
FN:21,saveAuthToken
FN:42,saveRefreshToken
FN:58,saveUser
FN:77,getAuthToken
FN:107,getRefreshToken
FN:127,getUser
FN:149,clearAuthData
FN:175,saveAuthData
FNF:8
FNH:0
FNDA:0,saveAuthToken
FNDA:0,saveRefreshToken
FNDA:0,saveUser
FNDA:0,getAuthToken
FNDA:0,getRefreshToken
FNDA:0,getUser
FNDA:0,clearAuthData
FNDA:0,saveAuthData
DA:7,0
DA:8,0
DA:10,0
DA:21,0
DA:22,0
DA:24,0
DA:27,0
DA:28,0
DA:29,0
DA:31,0
DA:34,0
DA:35,0
DA:42,0
DA:43,0
DA:44,0
DA:46,0
DA:47,0
DA:50,0
DA:51,0
DA:58,0
DA:59,0
DA:60,0
DA:61,0
DA:63,0
DA:64,0
DA:67,0
DA:68,0
DA:77,0
DA:78,0
DA:80,0
DA:81,0
DA:82,0
DA:83,0
DA:85,0
DA:86,0
DA:91,0
DA:92,0
DA:93,0
DA:95,0
DA:97,0
DA:99,0
DA:100,0
DA:107,0
DA:108,0
DA:109,0
DA:110,0
DA:111,0
DA:112,0
DA:113,0
DA:117,0
DA:119,0
DA:120,0
DA:127,0
DA:128,0
DA:129,0
DA:130,0
DA:131,0
DA:132,0
DA:133,0
DA:134,0
DA:138,0
DA:139,0
DA:141,0
DA:142,0
DA:149,0
DA:150,0
DA:152,0
DA:159,0
DA:160,0
DA:161,0
DA:162,0
DA:165,0
DA:167,0
DA:168,0
DA:175,0
DA:176,0
DA:177,0
DA:182,0
DA:184,0
DA:185,0
LF:80
LH:0
BRDA:27,0,0,0
BRDA:27,0,1,0
BRDA:27,1,0,0
BRDA:27,1,1,0
BRDA:27,1,2,0
BRDA:46,2,0,0
BRDA:46,3,0,0
BRDA:46,3,1,0
BRDA:46,3,2,0
BRDA:63,4,0,0
BRDA:63,5,0,0
BRDA:63,5,1,0
BRDA:63,5,2,0
BRDA:80,6,0,0
BRDA:80,7,0,0
BRDA:80,7,1,0
BRDA:80,7,2,0
BRDA:82,8,0,0
BRDA:92,9,0,0
BRDA:92,9,1,0
BRDA:109,10,0,0
BRDA:109,11,0,0
BRDA:109,11,1,0
BRDA:109,11,2,0
BRDA:111,12,0,0
BRDA:129,13,0,0
BRDA:129,14,0,0
BRDA:129,14,1,0
BRDA:129,14,2,0
BRDA:131,15,0,0
BRDA:139,16,0,0
BRDA:139,16,1,0
BRDA:159,17,0,0
BRDA:159,18,0,0
BRDA:159,18,1,0
BRDA:159,18,2,0
BRF:36
BRH:0
end_of_record
TN:
SF:utils\billUploadErrors.ts
FN:14,(anonymous_0)
FN:64,(anonymous_1)
FN:74,(anonymous_2)
FN:531,getErrorInfo
FN:547,createBillUploadError
FN:565,mapHttpStatusToError
FN:600,isRetryableError
FN:610,getUserErrorMessage
FN:620,getRecoverySuggestions
FNF:9
FNH:0
FNDA:0,(anonymous_0)
FNDA:0,(anonymous_1)
FNDA:0,(anonymous_2)
FNDA:0,getErrorInfo
FNDA:0,createBillUploadError
FNDA:0,mapHttpStatusToError
FNDA:0,isRetryableError
FNDA:0,getUserErrorMessage
FNDA:0,getRecoverySuggestions
DA:14,0
DA:16,0
DA:17,0
DA:18,0
DA:19,0
DA:20,0
DA:23,0
DA:24,0
DA:25,0
DA:26,0
DA:27,0
DA:30,0
DA:31,0
DA:32,0
DA:33,0
DA:36,0
DA:37,0
DA:38,0
DA:39,0
DA:42,0
DA:43,0
DA:46,0
DA:47,0
DA:48,0
DA:51,0
DA:52,0
DA:53,0
DA:54,0
DA:55,0
DA:58,0
DA:64,0
DA:65,0
DA:66,0
DA:67,0
DA:68,0
DA:74,0
DA:75,0
DA:76,0
DA:77,0
DA:78,0
DA:79,0
DA:80,0
DA:101,0
DA:531,0
DA:532,0
DA:534,0
DA:547,0
DA:551,0
DA:553,0
DA:565,0
DA:566,0
DA:568,0
DA:570,0
DA:572,0
DA:574,0
DA:576,0
DA:578,0
DA:580,0
DA:582,0
DA:586,0
DA:588,0
DA:590,0
DA:600,0
DA:601,0
DA:610,0
DA:611,0
DA:620,0
DA:621,0
LF:68
LH:0
BRDA:14,0,0,0
BRDA:14,0,1,0
BRDA:64,1,0,0
BRDA:64,1,1,0
BRDA:74,2,0,0
BRDA:74,2,1,0
BRDA:532,3,0,0
BRDA:532,3,1,0
BRDA:566,4,0,0
BRDA:566,4,1,0
BRDA:566,4,2,0
BRDA:566,4,3,0
BRDA:566,4,4,0
BRDA:566,4,5,0
BRDA:566,4,6,0
BRDA:566,4,7,0
BRDA:566,4,8,0
BRDA:566,4,9,0
BRDA:566,4,10,0
BRDA:566,4,11,0
BRDA:566,4,12,0
BRF:21
BRH:0
end_of_record
TN:
SF:utils\billValidation.ts
FN:53,validateAmount
FN:124,formatCurrency
FN:141,validateBillDate
FN:202,validateBillNumber
FN:252,validateNotes
FN:283,validateMerchant
FN:354,validateBillForm
FN:394,validateField
FNF:8
FNH:0
FNDA:0,validateAmount
FNDA:0,formatCurrency
FNDA:0,validateBillDate
FNDA:0,validateBillNumber
FNDA:0,validateNotes
FNDA:0,validateMerchant
FNDA:0,validateBillForm
FNDA:0,validateField
DA:22,0
DA:53,0
DA:55,0
DA:56,0
DA:63,0
DA:66,0
DA:67,0
DA:74,0
DA:75,0
DA:82,0
DA:83,0
DA:90,0
DA:91,0
DA:98,0
DA:99,0
DA:100,0
DA:107,0
DA:109,0
DA:124,0
DA:125,0
DA:141,0
DA:143,0
DA:144,0
DA:151,0
DA:154,0
DA:155,0
DA:161,0
DA:162,0
DA:164,0
DA:165,0
DA:168,0
DA:169,0
DA:176,0
DA:177,0
DA:179,0
DA:180,0
DA:186,0
DA:202,0
DA:204,0
DA:205,0
DA:211,0
DA:214,0
DA:215,0
DA:222,0
DA:223,0
DA:230,0
DA:231,0
DA:237,0
DA:252,0
DA:254,0
DA:255,0
DA:261,0
DA:264,0
DA:265,0
DA:271,0
DA:283,0
DA:284,0
DA:285,0
DA:291,0
DA:293,0
DA:294,0
DA:300,0
DA:301,0
DA:307,0
DA:354,0
DA:355,0
DA:356,0
DA:357,0
DA:358,0
DA:359,0
DA:361,0
DA:363,0
DA:364,0
DA:365,0
DA:366,0
DA:367,0
DA:369,0
DA:371,0
DA:394,0
DA:398,0
DA:400,0
DA:402,0
DA:404,0
DA:406,0
DA:408,0
DA:410,0
LF:86
LH:0
BRDA:55,0,0,0
BRDA:55,1,0,0
BRDA:55,1,1,0
BRDA:55,1,2,0
BRDA:63,2,0,0
BRDA:63,2,1,0
BRDA:66,3,0,0
BRDA:74,4,0,0
BRDA:82,5,0,0
BRDA:90,6,0,0
BRDA:98,7,0,0
BRDA:98,7,1,0
BRDA:99,8,0,0
BRDA:143,9,0,0
BRDA:151,10,0,0
BRDA:151,10,1,0
BRDA:154,11,0,0
BRDA:168,12,0,0
BRDA:168,13,0,0
BRDA:168,13,1,0
BRDA:179,14,0,0
BRDA:204,15,0,0
BRDA:204,16,0,0
BRDA:204,16,1,0
BRDA:214,17,0,0
BRDA:222,18,0,0
BRDA:230,19,0,0
BRDA:254,20,0,0
BRDA:254,21,0,0
BRDA:254,21,1,0
BRDA:264,22,0,0
BRDA:284,23,0,0
BRDA:284,24,0,0
BRDA:284,24,1,0
BRDA:293,25,0,0
BRDA:300,26,0,0
BRDA:363,27,0,0
BRDA:364,28,0,0
BRDA:365,29,0,0
BRDA:366,30,0,0
BRDA:367,31,0,0
BRDA:398,32,0,0
BRDA:398,32,1,0
BRDA:398,32,2,0
BRDA:398,32,3,0
BRDA:398,32,4,0
BRDA:398,32,5,0
BRF:47
BRH:0
end_of_record
TN:
SF:utils\button-state-manager.ts
FN:16,(anonymous_0)
FN:27,(anonymous_1)
FN:50,(anonymous_2)
FN:66,(anonymous_3)
FN:83,(anonymous_4)
FN:105,(anonymous_5)
FN:106,(anonymous_6)
FN:112,(anonymous_7)
FN:113,(anonymous_8)
FN:119,(anonymous_9)
FN:127,(anonymous_10)
FN:144,(anonymous_11)
FN:149,(anonymous_12)
FN:180,(anonymous_13)
FN:192,(anonymous_14)
FN:206,(anonymous_15)
FN:231,(anonymous_16)
FN:242,(anonymous_17)
FN:243,(anonymous_18)
FNF:19
FNH:0
FNDA:0,(anonymous_0)
FNDA:0,(anonymous_1)
FNDA:0,(anonymous_2)
FNDA:0,(anonymous_3)
FNDA:0,(anonymous_4)
FNDA:0,(anonymous_5)
FNDA:0,(anonymous_6)
FNDA:0,(anonymous_7)
FNDA:0,(anonymous_8)
FNDA:0,(anonymous_9)
FNDA:0,(anonymous_10)
FNDA:0,(anonymous_11)
FNDA:0,(anonymous_12)
FNDA:0,(anonymous_13)
FNDA:0,(anonymous_14)
FNDA:0,(anonymous_15)
FNDA:0,(anonymous_16)
FNDA:0,(anonymous_17)
FNDA:0,(anonymous_18)
DA:12,0
DA:20,0
DA:21,0
DA:28,0
DA:37,0
DA:38,0
DA:39,0
DA:40,0
DA:43,0
DA:44,0
DA:51,0
DA:59,0
DA:60,0
DA:67,0
DA:76,0
DA:77,0
DA:84,0
DA:98,0
DA:99,0
DA:106,0
DA:113,0
DA:120,0
DA:127,0
DA:144,0
DA:149,0
DA:150,0
DA:152,0
DA:155,0
DA:158,0
DA:161,0
DA:165,0
DA:166,0
DA:168,0
DA:176,0
DA:186,0
DA:197,0
DA:198,0
DA:199,0
DA:200,0
DA:210,0
DA:212,0
DA:213,0
DA:215,0
DA:217,0
DA:219,0
DA:221,0
DA:224,0
DA:236,0
DA:237,0
DA:241,0
DA:242,0
DA:243,0
DA:245,0
DA:246,0
DA:249,0
LF:55
LH:0
BRDA:37,0,0,0
BRDA:37,0,1,0
BRDA:37,1,0,0
BRDA:37,1,1,0
BRDA:39,2,0,0
BRDA:166,3,0,0
BRDA:166,3,1,0
BRDA:181,4,0,0
BRDA:182,5,0,0
BRDA:183,6,0,0
BRDA:184,7,0,0
BRDA:186,8,0,0
BRDA:186,8,1,0
BRDA:186,8,2,0
BRDA:197,9,0,0
BRDA:197,10,0,0
BRDA:197,10,1,0
BRDA:198,11,0,0
BRDA:199,12,0,0
BRDA:212,13,0,0
BRDA:212,13,1,0
BRDA:213,14,0,0
BRDA:213,14,1,0
BRDA:213,14,2,0
BRDA:213,14,3,0
BRDA:215,15,0,0
BRDA:215,15,1,0
BRDA:217,16,0,0
BRDA:217,16,1,0
BRDA:219,17,0,0
BRDA:219,17,1,0
BRDA:224,18,0,0
BRDA:224,18,1,0
BRDA:236,19,0,0
BRDA:245,20,0,0
BRF:35
BRH:0
end_of_record
TN:
SF:utils\carouselUtils.ts
FN:18,(anonymous_0)
FN:65,(anonymous_1)
FN:68,(anonymous_2)
FN:89,(anonymous_3)
FN:93,(anonymous_4)
FN:115,(anonymous_5)
FN:118,(anonymous_6)
FNF:7
FNH:0
FNDA:0,(anonymous_0)
FNDA:0,(anonymous_1)
FNDA:0,(anonymous_2)
FNDA:0,(anonymous_3)
FNDA:0,(anonymous_4)
FNDA:0,(anonymous_5)
FNDA:0,(anonymous_6)
DA:18,0
DA:23,0
DA:24,0
DA:51,0
DA:53,0
DA:54,0
DA:65,0
DA:66,0
DA:68,0
DA:69,0
DA:89,0
DA:93,0
DA:115,0
DA:116,0
DA:118,0
DA:136,0
LF:16
LH:0
BRDA:26,0,0,0
BRDA:26,0,1,0
BRDA:27,1,0,0
BRDA:27,1,1,0
BRDA:66,2,0,0
BRDA:69,3,0,0
BRDA:69,3,1,0
BRDA:69,3,2,0
BRDA:69,3,3,0
BRDA:69,3,4,0
BRDA:69,3,5,0
BRDA:69,3,6,0
BRDA:69,3,7,0
BRDA:69,3,8,0
BRDA:69,3,9,0
BRDA:69,3,10,0
BRDA:69,3,11,0
BRDA:69,3,12,0
BRDA:101,4,0,0
BRDA:101,4,1,0
BRDA:104,5,0,0
BRDA:104,5,1,0
BRDA:116,6,0,0
BRDA:125,7,0,0
BRDA:125,7,1,0
BRF:25
BRH:0
end_of_record
TN:
SF:utils\connectionUtils.ts
FN:27,checkBackendConnectivity
FN:35,(anonymous_1)
FN:81,parseConnectionError
FN:176,formatConnectionError
FN:181,(anonymous_4)
FN:193,getPlatformApiUrl
FN:215,logConnectionInfo
FN:221,retryConnection
FN:239,(anonymous_8)
FN:250,isConnectionError
FNF:10
FNH:0
FNDA:0,checkBackendConnectivity
FNDA:0,(anonymous_1)
FNDA:0,parseConnectionError
FNDA:0,formatConnectionError
FNDA:0,(anonymous_4)
FNDA:0,getPlatformApiUrl
FNDA:0,logConnectionInfo
FNDA:0,retryConnection
FNDA:0,(anonymous_8)
FNDA:0,isConnectionError
DA:6,0
DA:7,0
DA:27,0
DA:28,0
DA:30,0
DA:31,0
DA:32,0
DA:34,0
DA:35,0
DA:37,0
DA:42,0
DA:43,0
DA:45,0
DA:47,0
DA:55,0
DA:56,0
DA:65,0
DA:66,0
DA:68,0
DA:81,0
DA:82,0
DA:85,0
DA:86,0
DA:100,0
DA:101,0
DA:115,0
DA:116,0
DA:132,0
DA:133,0
DA:146,0
DA:147,0
DA:161,0
DA:176,0
DA:177,0
DA:179,0
DA:180,0
DA:181,0
DA:182,0
DA:186,0
DA:193,0
DA:194,0
DA:197,0
DA:198,0
DA:202,0
DA:203,0
DA:209,0
DA:215,0
DA:221,0
DA:228,0
DA:229,0
DA:231,0
DA:233,0
DA:234,0
DA:236,0
DA:237,0
DA:239,0
DA:244,0
DA:250,0
DA:251,0
DA:252,0
DA:261,0
LF:61
LH:0
BRDA:45,0,0,0
BRDA:45,0,1,0
BRDA:71,1,0,0
BRDA:71,1,1,0
BRDA:82,2,0,0
BRDA:82,2,1,0
BRDA:85,3,0,0
BRDA:85,4,0,0
BRDA:85,4,1,0
BRDA:100,5,0,0
BRDA:100,6,0,0
BRDA:100,6,1,0
BRDA:115,7,0,0
BRDA:115,8,0,0
BRDA:115,8,1,0
BRDA:123,9,0,0
BRDA:123,9,1,0
BRDA:132,10,0,0
BRDA:132,11,0,0
BRDA:132,11,1,0
BRDA:146,12,0,0
BRDA:146,13,0,0
BRDA:146,13,1,0
BRDA:179,14,0,0
BRDA:197,15,0,0
BRDA:202,16,0,0
BRDA:202,17,0,0
BRDA:202,17,1,0
BRDA:202,17,2,0
BRDA:223,18,0,0
BRDA:224,19,0,0
BRDA:236,20,0,0
BRDA:251,21,0,0
BRDA:251,21,1,0
BRDA:253,22,0,0
BRDA:253,22,1,0
BRDA:253,22,2,0
BRDA:253,22,3,0
BRDA:253,22,4,0
BRF:39
BRH:0
end_of_record
TN:
SF:utils\dataFormatters.ts
FN:17,(anonymous_0)
FN:18,(anonymous_1)
FN:19,(anonymous_2)
FN:20,(anonymous_3)
FN:21,(anonymous_4)
FN:22,(anonymous_5)
FN:23,(anonymous_6)
FN:24,(anonymous_7)
FN:25,(anonymous_8)
FN:26,(anonymous_9)
FN:27,(anonymous_10)
FN:32,(anonymous_11)
FN:33,(anonymous_12)
FN:34,(anonymous_13)
FN:35,(anonymous_14)
FN:36,(anonymous_15)
FN:37,(anonymous_16)
FN:38,(anonymous_17)
FN:39,(anonymous_18)
FN:40,(anonymous_19)
FN:41,(anonymous_20)
FN:42,(anonymous_21)
FN:43,(anonymous_22)
FN:44,(anonymous_23)
FN:45,(anonymous_24)
FN:46,(anonymous_25)
FN:51,(anonymous_26)
FN:52,(anonymous_27)
FN:53,(anonymous_28)
FN:54,(anonymous_29)
FN:55,(anonymous_30)
FN:56,(anonymous_31)
FN:57,(anonymous_32)
FN:58,(anonymous_33)
FN:59,(anonymous_34)
FN:60,(anonymous_35)
FNF:36
FNH:0
FNDA:0,(anonymous_0)
FNDA:0,(anonymous_1)
FNDA:0,(anonymous_2)
FNDA:0,(anonymous_3)
FNDA:0,(anonymous_4)
FNDA:0,(anonymous_5)
FNDA:0,(anonymous_6)
FNDA:0,(anonymous_7)
FNDA:0,(anonymous_8)
FNDA:0,(anonymous_9)
FNDA:0,(anonymous_10)
FNDA:0,(anonymous_11)
FNDA:0,(anonymous_12)
FNDA:0,(anonymous_13)
FNDA:0,(anonymous_14)
FNDA:0,(anonymous_15)
FNDA:0,(anonymous_16)
FNDA:0,(anonymous_17)
FNDA:0,(anonymous_18)
FNDA:0,(anonymous_19)
FNDA:0,(anonymous_20)
FNDA:0,(anonymous_21)
FNDA:0,(anonymous_22)
FNDA:0,(anonymous_23)
FNDA:0,(anonymous_24)
FNDA:0,(anonymous_25)
FNDA:0,(anonymous_26)
FNDA:0,(anonymous_27)
FNDA:0,(anonymous_28)
FNDA:0,(anonymous_29)
FNDA:0,(anonymous_30)
FNDA:0,(anonymous_31)
FNDA:0,(anonymous_32)
FNDA:0,(anonymous_33)
FNDA:0,(anonymous_34)
FNDA:0,(anonymous_35)
DA:16,0
DA:17,0
DA:18,0
DA:19,0
DA:20,0
DA:21,0
DA:22,0
DA:23,0
DA:24,0
DA:25,0
DA:26,0
DA:27,0
DA:31,0
DA:32,0
DA:33,0
DA:34,0
DA:35,0
DA:36,0
DA:37,0
DA:38,0
DA:39,0
DA:40,0
DA:41,0
DA:42,0
DA:43,0
DA:44,0
DA:45,0
DA:46,0
DA:50,0
DA:51,0
DA:52,0
DA:53,0
DA:54,0
DA:55,0
DA:56,0
DA:57,0
DA:58,0
DA:59,0
DA:60,0
LF:39
LH:0
BRF:0
BRH:0
end_of_record
TN:
SF:utils\dataMappers.ts
FN:16,mapBackendCartItemToFrontend
FN:58,mapBackendCartToFrontend
FN:62,(anonymous_2)
FN:100,mapFrontendCheckoutToBackendOrder
FN:149,mapPaymentMethod
FN:170,mapBackendOrderToFrontend
FN:176,(anonymous_6)
FN:210,(anonymous_7)
FN:227,mapOrderStatus
FN:246,mapBackendAddressToFrontend
FN:272,mapBackendOrdersListToFrontend
FN:292,formatPrice
FN:299,formatDate
FN:311,formatDateTime
FN:325,calculateSavingsPercentage
FNF:15
FNH:0
FNDA:0,mapBackendCartItemToFrontend
FNDA:0,mapBackendCartToFrontend
FNDA:0,(anonymous_2)
FNDA:0,mapFrontendCheckoutToBackendOrder
FNDA:0,mapPaymentMethod
FNDA:0,mapBackendOrderToFrontend
FNDA:0,(anonymous_6)
FNDA:0,(anonymous_7)
FNDA:0,mapOrderStatus
FNDA:0,mapBackendAddressToFrontend
FNDA:0,mapBackendOrdersListToFrontend
FNDA:0,formatPrice
FNDA:0,formatDate
FNDA:0,formatDateTime
FNDA:0,calculateSavingsPercentage
DA:16,0
DA:18,0
DA:19,0
DA:20,0
DA:25,0
DA:31,0
DA:58,0
DA:60,0
DA:62,0
DA:64,0
DA:100,0
DA:107,0
DA:110,0
DA:116,0
DA:117,0
DA:118,0
DA:121,0
DA:126,0
DA:128,0
DA:150,0
DA:163,0
DA:164,0
DA:170,0
DA:171,0
DA:176,0
DA:210,0
DA:228,0
DA:240,0
DA:247,0
DA:249,0
DA:272,0
DA:273,0
DA:292,0
DA:293,0
DA:299,0
DA:300,0
DA:301,0
DA:311,0
DA:312,0
DA:313,0
DA:325,0
DA:326,0
DA:327,0
LF:43
LH:0
BRDA:18,0,0,0
BRDA:25,1,0,0
BRDA:25,1,1,0
BRDA:26,2,0,0
BRDA:26,2,1,0
BRDA:28,3,0,0
BRDA:28,3,1,0
BRDA:37,4,0,0
BRDA:37,4,1,0
BRDA:38,5,0,0
BRDA:38,5,1,0
BRDA:40,6,0,0
BRDA:40,6,1,0
BRDA:49,7,0,0
BRDA:49,7,1,0
BRDA:77,8,0,0
BRDA:77,8,1,0
BRDA:107,9,0,0
BRDA:107,9,1,0
BRDA:110,10,0,0
BRDA:110,10,1,0
BRDA:110,10,2,0
BRDA:110,10,3,0
BRDA:110,10,4,0
BRDA:116,11,0,0
BRDA:116,11,1,0
BRDA:117,12,0,0
BRDA:117,12,1,0
BRDA:118,13,0,0
BRDA:118,13,1,0
BRDA:118,13,2,0
BRDA:118,13,3,0
BRDA:121,14,0,0
BRDA:121,14,1,0
BRDA:121,14,2,0
BRDA:122,15,0,0
BRDA:122,15,1,0
BRDA:122,16,0,0
BRDA:122,16,1,0
BRDA:126,17,0,0
BRDA:126,17,1,0
BRDA:126,17,2,0
BRDA:133,18,0,0
BRDA:133,18,1,0
BRDA:133,18,2,0
BRDA:137,19,0,0
BRDA:137,19,1,0
BRDA:138,20,0,0
BRDA:138,20,1,0
BRDA:164,21,0,0
BRDA:164,21,1,0
BRDA:172,22,0,0
BRDA:172,22,1,0
BRDA:174,23,0,0
BRDA:174,23,1,0
BRDA:176,24,0,0
BRDA:176,24,1,0
BRDA:177,25,0,0
BRDA:177,25,1,0
BRDA:178,26,0,0
BRDA:178,26,1,0
BRDA:187,27,0,0
BRDA:187,27,1,0
BRDA:188,28,0,0
BRDA:188,28,1,0
BRDA:193,29,0,0
BRDA:193,29,1,0
BRDA:193,29,2,0
BRDA:194,30,0,0
BRDA:194,30,1,0
BRDA:194,30,2,0
BRDA:195,31,0,0
BRDA:195,31,1,0
BRDA:195,31,2,0
BRDA:196,32,0,0
BRDA:196,32,1,0
BRDA:196,32,2,0
BRDA:197,33,0,0
BRDA:197,33,1,0
BRDA:198,34,0,0
BRDA:198,34,1,0
BRDA:198,34,2,0
BRDA:200,35,0,0
BRDA:200,35,1,0
BRDA:202,36,0,0
BRDA:202,36,1,0
BRDA:203,37,0,0
BRDA:203,37,1,0
BRDA:203,37,2,0
BRDA:206,38,0,0
BRDA:206,38,1,0
BRDA:210,39,0,0
BRDA:210,39,1,0
BRDA:215,40,0,0
BRDA:215,40,1,0
BRDA:216,41,0,0
BRDA:216,41,1,0
BRDA:240,42,0,0
BRDA:240,42,1,0
BRDA:247,43,0,0
BRDA:251,44,0,0
BRDA:251,44,1,0
BRDA:252,45,0,0
BRDA:252,45,1,0
BRDA:255,46,0,0
BRDA:255,46,1,0
BRDA:256,47,0,0
BRDA:256,47,1,0
BRDA:257,48,0,0
BRDA:257,48,1,0
BRDA:258,49,0,0
BRDA:258,49,1,0
BRDA:262,50,0,0
BRDA:262,50,1,0
BRDA:263,51,0,0
BRDA:263,51,1,0
BRDA:265,52,0,0
BRDA:265,52,1,0
BRDA:274,53,0,0
BRDA:274,53,1,0
BRDA:275,54,0,0
BRDA:275,54,1,0
BRDA:278,55,0,0
BRDA:278,55,1,0
BRDA:281,56,0,0
BRDA:281,56,1,0
BRDA:292,57,0,0
BRDA:326,58,0,0
BRF:128
BRH:0
end_of_record
TN:
SF:utils\deal-conflict-detection.ts
FN:22,(anonymous_0)
FN:63,(anonymous_1)
FN:77,(anonymous_2)
FN:81,(anonymous_3)
FN:85,(anonymous_4)
FN:88,(anonymous_5)
FN:95,(anonymous_6)
FN:99,(anonymous_7)
FN:112,(anonymous_8)
FN:116,(anonymous_9)
FN:117,(anonymous_10)
FN:122,(anonymous_11)
FN:122,(anonymous_12)
FN:130,(anonymous_13)
FN:131,(anonymous_14)
FN:138,(anonymous_15)
FN:138,(anonymous_16)
FN:151,(anonymous_17)
FN:160,(anonymous_18)
FN:173,(anonymous_19)
FN:176,(anonymous_20)
FN:206,(anonymous_21)
FN:209,(anonymous_22)
FN:212,(anonymous_23)
FN:217,(anonymous_24)
FN:230,(anonymous_25)
FN:237,(anonymous_26)
FN:240,(anonymous_27)
FN:261,(anonymous_28)
FN:264,(anonymous_29)
FN:285,(anonymous_30)
FN:301,(anonymous_31)
FN:317,(anonymous_32)
FN:323,(anonymous_33)
FN:324,(anonymous_34)
FN:330,(anonymous_35)
FNF:36
FNH:0
FNDA:0,(anonymous_0)
FNDA:0,(anonymous_1)
FNDA:0,(anonymous_2)
FNDA:0,(anonymous_3)
FNDA:0,(anonymous_4)
FNDA:0,(anonymous_5)
FNDA:0,(anonymous_6)
FNDA:0,(anonymous_7)
FNDA:0,(anonymous_8)
FNDA:0,(anonymous_9)
FNDA:0,(anonymous_10)
FNDA:0,(anonymous_11)
FNDA:0,(anonymous_12)
FNDA:0,(anonymous_13)
FNDA:0,(anonymous_14)
FNDA:0,(anonymous_15)
FNDA:0,(anonymous_16)
FNDA:0,(anonymous_17)
FNDA:0,(anonymous_18)
FNDA:0,(anonymous_19)
FNDA:0,(anonymous_20)
FNDA:0,(anonymous_21)
FNDA:0,(anonymous_22)
FNDA:0,(anonymous_23)
FNDA:0,(anonymous_24)
FNDA:0,(anonymous_25)
FNDA:0,(anonymous_26)
FNDA:0,(anonymous_27)
FNDA:0,(anonymous_28)
FNDA:0,(anonymous_29)
FNDA:0,(anonymous_30)
FNDA:0,(anonymous_31)
FNDA:0,(anonymous_32)
FNDA:0,(anonymous_33)
FNDA:0,(anonymous_34)
FNDA:0,(anonymous_35)
DA:22,0
DA:26,0
DA:27,0
DA:28,0
DA:29,0
DA:32,0
DA:33,0
DA:36,0
DA:37,0
DA:40,0
DA:41,0
DA:44,0
DA:45,0
DA:48,0
DA:49,0
DA:50,0
DA:54,0
DA:55,0
DA:56,0
DA:59,0
DA:60,0
DA:63,0
DA:65,0
DA:77,0
DA:78,0
DA:81,0
DA:82,0
DA:83,0
DA:85,0
DA:89,0
DA:95,0
DA:96,0
DA:97,0
DA:99,0
DA:106,0
DA:112,0
DA:113,0
DA:116,0
DA:117,0
DA:119,0
DA:120,0
DA:122,0
DA:130,0
DA:131,0
DA:132,0
DA:135,0
DA:136,0
DA:138,0
DA:145,0
DA:151,0
DA:152,0
DA:155,0
DA:157,0
DA:158,0
DA:160,0
DA:167,0
DA:173,0
DA:174,0
DA:176,0
DA:177,0
DA:178,0
DA:188,0
DA:190,0
DA:200,0
DA:206,0
DA:207,0
DA:209,0
DA:211,0
DA:212,0
DA:213,0
DA:215,0
DA:217,0
DA:224,0
DA:230,0
DA:237,0
DA:240,0
DA:241,0
DA:245,0
DA:249,0
DA:253,0
DA:254,0
DA:255,0
DA:257,0
DA:258,0
DA:261,0
DA:262,0
DA:264,0
DA:266,0
DA:267,0
DA:268,0
DA:272,0
DA:276,0
DA:285,0
DA:286,0
DA:288,0
DA:290,0
DA:292,0
DA:294,0
DA:301,0
DA:302,0
DA:304,0
DA:306,0
DA:308,0
DA:310,0
DA:317,0
DA:323,0
DA:324,0
DA:329,0
DA:330,0
LF:109
LH:0
BRDA:24,0,0,0
BRDA:48,1,0,0
BRDA:59,2,0,0
BRDA:82,3,0,0
BRDA:89,4,0,0
BRDA:89,4,1,0
BRDA:96,5,0,0
BRDA:119,6,0,0
BRDA:119,7,0,0
BRDA:119,7,1,0
BRDA:132,8,0,0
BRDA:132,8,1,0
BRDA:135,9,0,0
BRDA:135,10,0,0
BRDA:135,10,1,0
BRDA:157,11,0,0
BRDA:177,12,0,0
BRDA:177,13,0,0
BRDA:177,13,1,0
BRDA:177,13,2,0
BRDA:188,14,0,0
BRDA:188,15,0,0
BRDA:188,15,1,0
BRDA:188,15,2,0
BRDA:211,16,0,0
BRDA:232,17,0,0
BRDA:243,18,0,0
BRDA:243,18,1,0
BRDA:247,19,0,0
BRDA:247,19,1,0
BRDA:258,20,0,0
BRDA:266,21,0,0
BRDA:270,22,0,0
BRDA:270,22,1,0
BRDA:286,23,0,0
BRDA:286,23,1,0
BRDA:286,23,2,0
BRDA:286,23,3,0
BRDA:302,24,0,0
BRDA:302,24,1,0
BRDA:302,24,2,0
BRDA:302,24,3,0
BRDA:320,25,0,0
BRDA:324,26,0,0
BRDA:324,26,1,0
BRDA:324,26,2,0
BRF:46
BRH:0
end_of_record
TN:
SF:utils\deal-recommendations.ts
FN:37,(anonymous_0)
FN:46,(anonymous_1)
FN:57,(anonymous_2)
FN:73,(anonymous_3)
FN:166,(anonymous_4)
FN:218,(anonymous_5)
FN:221,(anonymous_6)
FN:222,(anonymous_7)
FN:233,(anonymous_8)
FN:259,(anonymous_9)
FN:260,(anonymous_10)
FN:263,(anonymous_11)
FN:278,(anonymous_12)
FN:282,(anonymous_13)
FN:283,(anonymous_14)
FN:291,(anonymous_15)
FN:308,(anonymous_16)
FN:324,(anonymous_17)
FN:368,(anonymous_18)
FN:375,(anonymous_19)
FN:381,(anonymous_20)
FNF:21
FNH:0
FNDA:0,(anonymous_0)
FNDA:0,(anonymous_1)
FNDA:0,(anonymous_2)
FNDA:0,(anonymous_3)
FNDA:0,(anonymous_4)
FNDA:0,(anonymous_5)
FNDA:0,(anonymous_6)
FNDA:0,(anonymous_7)
FNDA:0,(anonymous_8)
FNDA:0,(anonymous_9)
FNDA:0,(anonymous_10)
FNDA:0,(anonymous_11)
FNDA:0,(anonymous_12)
FNDA:0,(anonymous_13)
FNDA:0,(anonymous_14)
FNDA:0,(anonymous_15)
FNDA:0,(anonymous_16)
FNDA:0,(anonymous_17)
FNDA:0,(anonymous_18)
FNDA:0,(anonymous_19)
FNDA:0,(anonymous_20)
DA:2,0
DA:37,0
DA:42,0
DA:45,0
DA:46,0
DA:49,0
DA:50,0
DA:51,0
DA:52,0
DA:57,0
DA:58,0
DA:59,0
DA:60,0
DA:62,0
DA:63,0
DA:66,0
DA:73,0
DA:78,0
DA:79,0
DA:80,0
DA:81,0
DA:84,0
DA:85,0
DA:88,0
DA:89,0
DA:93,0
DA:94,0
DA:96,0
DA:97,0
DA:101,0
DA:104,0
DA:105,0
DA:106,0
DA:107,0
DA:111,0
DA:112,0
DA:113,0
DA:114,0
DA:115,0
DA:119,0
DA:120,0
DA:121,0
DA:122,0
DA:126,0
DA:127,0
DA:128,0
DA:129,0
DA:133,0
DA:134,0
DA:135,0
DA:136,0
DA:137,0
DA:138,0
DA:139,0
DA:140,0
DA:141,0
DA:145,0
DA:146,0
DA:147,0
DA:148,0
DA:152,0
DA:153,0
DA:154,0
DA:155,0
DA:159,0
DA:160,0
DA:161,0
DA:165,0
DA:166,0
DA:169,0
DA:170,0
DA:171,0
DA:172,0
DA:176,0
DA:177,0
DA:178,0
DA:179,0
DA:180,0
DA:181,0
DA:186,0
DA:187,0
DA:188,0
DA:192,0
DA:193,0
DA:194,0
DA:195,0
DA:197,0
DA:201,0
DA:202,0
DA:205,0
DA:218,0
DA:220,0
DA:221,0
DA:223,0
DA:224,0
DA:225,0
DA:233,0
DA:242,0
DA:248,0
DA:249,0
DA:256,0
DA:257,0
DA:259,0
DA:260,0
DA:262,0
DA:264,0
DA:265,0
DA:268,0
DA:278,0
DA:282,0
DA:283,0
DA:285,0
DA:291,0
DA:298,0
DA:308,0
DA:322,0
DA:324,0
DA:325,0
DA:328,0
DA:329,0
DA:335,0
DA:336,0
DA:345,0
DA:346,0
DA:347,0
DA:348,0
DA:358,0
DA:359,0
DA:368,0
DA:369,0
DA:370,0
DA:375,0
DA:376,0
DA:377,0
DA:378,0
DA:381,0
DA:382,0
DA:391,0
LF:138
LH:0
BRDA:40,0,0,0
BRDA:51,1,0,0
BRDA:62,2,0,0
BRDA:84,3,0,0
BRDA:84,4,0,0
BRDA:84,4,1,0
BRDA:88,5,0,0
BRDA:88,6,0,0
BRDA:88,6,1,0
BRDA:93,7,0,0
BRDA:93,7,1,0
BRDA:96,8,0,0
BRDA:104,9,0,0
BRDA:111,10,0,0
BRDA:111,11,0,0
BRDA:111,11,1,0
BRDA:119,12,0,0
BRDA:119,13,0,0
BRDA:119,13,1,0
BRDA:126,14,0,0
BRDA:129,15,0,0
BRDA:134,16,0,0
BRDA:134,16,1,0
BRDA:138,17,0,0
BRDA:138,17,1,0
BRDA:139,18,0,0
BRDA:145,19,0,0
BRDA:148,20,0,0
BRDA:152,21,0,0
BRDA:152,22,0,0
BRDA:152,22,1,0
BRDA:155,23,0,0
BRDA:159,24,0,0
BRDA:159,25,0,0
BRDA:159,25,1,0
BRDA:169,26,0,0
BRDA:172,27,0,0
BRDA:176,28,0,0
BRDA:176,29,0,0
BRDA:176,29,1,0
BRDA:178,30,0,0
BRDA:181,31,0,0
BRDA:181,32,0,0
BRDA:181,32,1,0
BRDA:186,33,0,0
BRDA:186,34,0,0
BRDA:186,34,1,0
BRDA:192,35,0,0
BRDA:192,35,1,0
BRDA:194,36,0,0
BRDA:194,36,1,0
BRDA:201,37,0,0
BRDA:223,38,0,0
BRDA:223,38,1,0
BRDA:223,39,0,0
BRDA:223,39,1,0
BRDA:224,40,0,0
BRDA:224,40,1,0
BRDA:224,41,0,0
BRDA:224,41,1,0
BRDA:248,42,0,0
BRDA:265,43,0,0
BRDA:265,43,1,0
BRDA:328,44,0,0
BRDA:328,44,1,0
BRDA:335,45,0,0
BRDA:345,46,0,0
BRDA:345,47,0,0
BRDA:345,47,1,0
BRDA:347,48,0,0
BRDA:358,49,0,0
BRDA:391,50,0,0
BRDA:391,50,1,0
BRF:73
BRH:0
end_of_record
TN:
SF:utils\deal-storage.ts
FN:26,(anonymous_1)
FN:44,(anonymous_2)
FN:57,(anonymous_3)
FN:78,(anonymous_4)
FN:95,(anonymous_5)
FN:122,(anonymous_6)
FN:135,(anonymous_7)
FN:139,(anonymous_8)
FN:140,(anonymous_9)
FN:154,(anonymous_10)
FN:158,(anonymous_11)
FN:159,(anonymous_12)
FN:165,(anonymous_13)
FN:167,(anonymous_14)
FN:177,(anonymous_15)
FN:188,(anonymous_16)
FN:206,(anonymous_17)
FN:222,(anonymous_18)
FN:235,(anonymous_19)
FN:255,(anonymous_20)
FN:269,(anonymous_21)
FN:298,(anonymous_22)
FNF:22
FNH:0
FNDA:0,(anonymous_1)
FNDA:0,(anonymous_2)
FNDA:0,(anonymous_3)
FNDA:0,(anonymous_4)
FNDA:0,(anonymous_5)
FNDA:0,(anonymous_6)
FNDA:0,(anonymous_7)
FNDA:0,(anonymous_8)
FNDA:0,(anonymous_9)
FNDA:0,(anonymous_10)
FNDA:0,(anonymous_11)
FNDA:0,(anonymous_12)
FNDA:0,(anonymous_13)
FNDA:0,(anonymous_14)
FNDA:0,(anonymous_15)
FNDA:0,(anonymous_16)
FNDA:0,(anonymous_17)
FNDA:0,(anonymous_18)
FNDA:0,(anonymous_19)
FNDA:0,(anonymous_20)
FNDA:0,(anonymous_21)
FNDA:0,(anonymous_22)
DA:1,0
DA:20,0
DA:21,0
DA:27,0
DA:28,0
DA:29,0
DA:35,0
DA:37,0
DA:45,0
DA:46,0
DA:47,0
DA:49,0
DA:50,0
DA:58,0
DA:59,0
DA:60,0
DA:69,0
DA:71,0
DA:79,0
DA:80,0
DA:81,0
DA:83,0
DA:84,0
DA:96,0
DA:97,0
DA:98,0
DA:104,0
DA:107,0
DA:113,0
DA:115,0
DA:123,0
DA:124,0
DA:125,0
DA:127,0
DA:128,0
DA:136,0
DA:137,0
DA:138,0
DA:139,0
DA:140,0
DA:144,0
DA:146,0
DA:147,0
DA:155,0
DA:156,0
DA:157,0
DA:158,0
DA:160,0
DA:161,0
DA:164,0
DA:165,0
DA:167,0
DA:169,0
DA:170,0
DA:178,0
DA:179,0
DA:181,0
DA:189,0
DA:190,0
DA:192,0
DA:193,0
DA:196,0
DA:198,0
DA:199,0
DA:207,0
DA:223,0
DA:224,0
DA:225,0
DA:227,0
DA:228,0
DA:236,0
DA:237,0
DA:240,0
DA:241,0
DA:242,0
DA:245,0
DA:247,0
DA:248,0
DA:256,0
DA:274,0
DA:275,0
DA:276,0
DA:278,0
DA:284,0
DA:285,0
DA:295,0
DA:298,0
DA:299,0
LF:88
LH:0
BRDA:160,0,0,0
BRDA:160,0,1,0
BRDA:192,1,0,0
BRDA:240,2,0,0
BRDA:257,3,0,0
BRDA:257,3,1,0
BRDA:257,3,2,0
BRDA:257,3,3,0
BRDA:257,3,4,0
BRDA:257,3,5,0
BRF:10
BRH:0
end_of_record
TN:
SF:utils\deal-validation.ts
FN:6,(anonymous_0)
FN:51,(anonymous_1)
FN:83,(anonymous_2)
FN:145,(anonymous_3)
FN:203,(anonymous_4)
FN:210,(anonymous_5)
FN:217,(anonymous_6)
FN:229,(anonymous_7)
FN:234,(anonymous_8)
FNF:9
FNH:0
FNDA:0,(anonymous_0)
FNDA:0,(anonymous_1)
FNDA:0,(anonymous_2)
FNDA:0,(anonymous_3)
FNDA:0,(anonymous_4)
FNDA:0,(anonymous_5)
FNDA:0,(anonymous_6)
FNDA:0,(anonymous_7)
FNDA:0,(anonymous_8)
DA:6,0
DA:12,0
DA:15,0
DA:16,0
DA:24,0
DA:25,0
DA:33,0
DA:34,0
DA:42,0
DA:43,0
DA:51,0
DA:52,0
DA:53,0
DA:61,0
DA:62,0
DA:69,0
DA:70,0
DA:77,0
DA:83,0
DA:88,0
DA:90,0
DA:91,0
DA:100,0
DA:101,0
DA:103,0
DA:105,0
DA:108,0
DA:109,0
DA:110,0
DA:112,0
DA:115,0
DA:117,0
DA:118,0
DA:120,0
DA:122,0
DA:126,0
DA:127,0
DA:128,0
DA:131,0
DA:133,0
DA:145,0
DA:150,0
DA:151,0
DA:160,0
DA:161,0
DA:174,0
DA:175,0
DA:176,0
DA:177,0
DA:179,0
DA:180,0
DA:182,0
DA:183,0
DA:184,0
DA:185,0
DA:187,0
DA:191,0
DA:203,0
DA:204,0
DA:210,0
DA:211,0
DA:217,0
DA:222,0
DA:223,0
DA:229,0
DA:234,0
DA:235,0
DA:237,0
DA:240,0
DA:241,0
DA:243,0
DA:244,0
DA:245,0
DA:246,0
DA:247,0
DA:251,0
LF:76
LH:0
BRDA:9,0,0,0
BRDA:15,1,0,0
BRDA:24,2,0,0
BRDA:33,3,0,0
BRDA:42,4,0,0
BRDA:42,5,0,0
BRDA:42,5,1,0
BRDA:42,5,2,0
BRDA:52,6,0,0
BRDA:61,7,0,0
BRDA:61,8,0,0
BRDA:61,8,1,0
BRDA:69,9,0,0
BRDA:69,10,0,0
BRDA:69,10,1,0
BRDA:86,11,0,0
BRDA:90,12,0,0
BRDA:103,13,0,0
BRDA:103,13,1,0
BRDA:108,14,0,0
BRDA:108,15,0,0
BRDA:108,15,1,0
BRDA:115,16,0,0
BRDA:115,16,1,0
BRDA:126,17,0,0
BRDA:148,18,0,0
BRDA:150,19,0,0
BRDA:160,20,0,0
BRDA:160,21,0,0
BRDA:160,21,1,0
BRDA:182,22,0,0
BRDA:182,22,1,0
BRDA:237,23,0,0
BRDA:245,24,0,0
BRF:34
BRH:0
end_of_record
TN:
SF:utils\deepLinkHandler.ts
FN:17,(anonymous_7)
FN:77,(anonymous_8)
FN:96,(anonymous_9)
FN:126,(anonymous_10)
FN:137,(anonymous_11)
FN:157,(anonymous_12)
FN:181,useDeepLinkHandler
FN:186,(anonymous_14)
FN:188,(anonymous_15)
FN:198,(anonymous_16)
FN:206,(anonymous_17)
FN:211,(anonymous_18)
FNF:12
FNH:0
FNDA:0,(anonymous_7)
FNDA:0,(anonymous_8)
FNDA:0,(anonymous_9)
FNDA:0,(anonymous_10)
FNDA:0,(anonymous_11)
FNDA:0,(anonymous_12)
FNDA:0,useDeepLinkHandler
FNDA:0,(anonymous_14)
FNDA:0,(anonymous_15)
FNDA:0,(anonymous_16)
FNDA:0,(anonymous_17)
FNDA:0,(anonymous_18)
DA:1,0
DA:2,0
DA:3,0
DA:4,0
DA:6,0
DA:13,0
DA:18,0
DA:19,0
DA:20,0
DA:23,0
DA:24,0
DA:25,0
DA:35,0
DA:36,0
DA:37,0
DA:44,0
DA:45,0
DA:46,0
DA:53,0
DA:54,0
DA:55,0
DA:61,0
DA:66,0
DA:67,0
DA:78,0
DA:80,0
DA:89,0
DA:101,0
DA:102,0
DA:103,0
DA:104,0
DA:107,0
DA:108,0
DA:109,0
DA:112,0
DA:113,0
DA:116,0
DA:118,0
DA:119,0
DA:127,0
DA:128,0
DA:130,0
DA:138,0
DA:140,0
DA:142,0
DA:144,0
DA:146,0
DA:148,0
DA:150,0
DA:158,0
DA:160,0
DA:166,0
DA:173,0
DA:181,0
DA:182,0
DA:183,0
DA:184,0
DA:186,0
DA:188,0
DA:189,0
DA:190,0
DA:191,0
DA:192,0
DA:193,0
DA:198,0
DA:199,0
DA:200,0
DA:201,0
DA:204,0
DA:206,0
DA:207,0
DA:211,0
DA:212,0
DA:214,0
DA:218,0
DA:224,0
DA:227,0
DA:228,0
DA:229,0
DA:232,0
DA:233,0
DA:234,0
DA:237,0
DA:238,0
DA:239,0
DA:246,0
DA:252,0
LF:87
LH:0
BRDA:23,0,0,0
BRDA:23,1,0,0
BRDA:23,1,1,0
BRDA:24,2,0,0
BRDA:24,2,1,0
BRDA:29,3,0,0
BRDA:29,3,1,0
BRDA:35,4,0,0
BRDA:35,5,0,0
BRDA:35,5,1,0
BRDA:36,6,0,0
BRDA:36,6,1,0
BRDA:44,7,0,0
BRDA:44,8,0,0
BRDA:44,8,1,0
BRDA:45,9,0,0
BRDA:45,9,1,0
BRDA:53,10,0,0
BRDA:53,11,0,0
BRDA:53,11,1,0
BRDA:54,12,0,0
BRDA:54,12,1,0
BRDA:77,13,0,0
BRDA:103,14,0,0
BRDA:108,15,0,0
BRDA:108,15,1,0
BRDA:140,16,0,0
BRDA:140,16,1,0
BRDA:140,16,2,0
BRDA:140,16,3,0
BRDA:140,16,4,0
BRDA:190,17,0,0
BRDA:212,18,0,0
BRDA:212,18,1,0
BRDA:212,18,2,0
BRDA:212,18,3,0
BRDA:212,18,4,0
BRF:37
BRH:0
end_of_record
TN:
SF:utils\ecommerceFunnel.ts
FN:19,(anonymous_1)
FN:23,(anonymous_2)
FN:33,(anonymous_3)
FN:46,(anonymous_4)
FN:60,(anonymous_5)
FN:76,(anonymous_6)
FN:89,(anonymous_7)
FN:102,(anonymous_8)
FN:114,(anonymous_9)
FN:131,(anonymous_10)
FN:145,(anonymous_11)
FN:167,(anonymous_12)
FN:176,(anonymous_13)
FN:183,(anonymous_14)
FN:202,(anonymous_15)
FN:215,(anonymous_16)
FN:226,(anonymous_17)
FN:241,(anonymous_18)
FN:253,(anonymous_19)
FN:267,(anonymous_20)
FN:280,(anonymous_21)
FN:288,(anonymous_22)
FNF:22
FNH:0
FNDA:0,(anonymous_1)
FNDA:0,(anonymous_2)
FNDA:0,(anonymous_3)
FNDA:0,(anonymous_4)
FNDA:0,(anonymous_5)
FNDA:0,(anonymous_6)
FNDA:0,(anonymous_7)
FNDA:0,(anonymous_8)
FNDA:0,(anonymous_9)
FNDA:0,(anonymous_10)
FNDA:0,(anonymous_11)
FNDA:0,(anonymous_12)
FNDA:0,(anonymous_13)
FNDA:0,(anonymous_14)
FNDA:0,(anonymous_15)
FNDA:0,(anonymous_16)
FNDA:0,(anonymous_17)
FNDA:0,(anonymous_18)
FNDA:0,(anonymous_19)
FNDA:0,(anonymous_20)
FNDA:0,(anonymous_21)
FNDA:0,(anonymous_22)
DA:7,0
DA:8,0
DA:9,0
DA:12,0
DA:13,0
DA:15,0
DA:17,0
DA:20,0
DA:24,0
DA:25,0
DA:27,0
DA:34,0
DA:36,0
DA:47,0
DA:49,0
DA:61,0
DA:63,0
DA:77,0
DA:79,0
DA:90,0
DA:92,0
DA:103,0
DA:105,0
DA:115,0
DA:117,0
DA:125,0
DA:135,0
DA:146,0
DA:147,0
DA:148,0
DA:149,0
DA:152,0
DA:153,0
DA:159,0
DA:160,0
DA:168,0
DA:169,0
DA:170,0
DA:177,0
DA:184,0
DA:186,0
DA:187,0
DA:188,0
DA:191,0
DA:192,0
DA:193,0
DA:195,0
DA:203,0
DA:204,0
DA:205,0
DA:207,0
DA:208,0
DA:216,0
DA:217,0
DA:219,0
DA:227,0
DA:228,0
DA:229,0
DA:230,0
DA:231,0
DA:234,0
DA:242,0
DA:243,0
DA:244,0
DA:246,0
DA:254,0
DA:256,0
DA:268,0
DA:281,0
DA:282,0
DA:289,0
DA:310,0
DA:311,0
LF:73
LH:0
BRDA:24,0,0,0
BRDA:148,1,0,0
BRDA:186,2,0,0
BRDA:186,2,1,0
BRDA:192,3,0,0
BRDA:192,3,1,0
BRDA:205,4,0,0
BRDA:205,4,1,0
BRDA:229,5,0,0
BRDA:281,6,0,0
BRDA:281,7,0,0
BRDA:281,7,1,0
BRF:12
BRH:0
end_of_record
TN:
SF:utils\errorHandler.ts
FN:17,(anonymous_0)
FN:28,(anonymous_1)
FN:148,(anonymous_2)
FN:174,(anonymous_3)
FN:178,(anonymous_4)
FN:182,(anonymous_5)
FN:183,(anonymous_6)
FN:193,(anonymous_7)
FN:221,(anonymous_8)
FN:226,(anonymous_9)
FN:264,(anonymous_10)
FN:273,(anonymous_11)
FN:293,(anonymous_12)
FN:308,(anonymous_13)
FN:315,(anonymous_14)
FN:328,(anonymous_15)
FN:332,(anonymous_16)
FN:335,(anonymous_17)
FN:340,(anonymous_18)
FN:357,(anonymous_19)
FN:362,(anonymous_20)
FN:367,(anonymous_21)
FN:372,(anonymous_22)
FN:373,(anonymous_23)
FN:379,(anonymous_24)
FN:380,(anonymous_25)
FN:386,(anonymous_26)
FN:387,(anonymous_27)
FN:394,(anonymous_28)
FN:405,(anonymous_29)
FN:413,(anonymous_30)
FNF:31
FNH:0
FNDA:0,(anonymous_0)
FNDA:0,(anonymous_1)
FNDA:0,(anonymous_2)
FNDA:0,(anonymous_3)
FNDA:0,(anonymous_4)
FNDA:0,(anonymous_5)
FNDA:0,(anonymous_6)
FNDA:0,(anonymous_7)
FNDA:0,(anonymous_8)
FNDA:0,(anonymous_9)
FNDA:0,(anonymous_10)
FNDA:0,(anonymous_11)
FNDA:0,(anonymous_12)
FNDA:0,(anonymous_13)
FNDA:0,(anonymous_14)
FNDA:0,(anonymous_15)
FNDA:0,(anonymous_16)
FNDA:0,(anonymous_17)
FNDA:0,(anonymous_18)
FNDA:0,(anonymous_19)
FNDA:0,(anonymous_20)
FNDA:0,(anonymous_21)
FNDA:0,(anonymous_22)
FNDA:0,(anonymous_23)
FNDA:0,(anonymous_24)
FNDA:0,(anonymous_25)
FNDA:0,(anonymous_26)
FNDA:0,(anonymous_27)
FNDA:0,(anonymous_28)
FNDA:0,(anonymous_29)
FNDA:0,(anonymous_30)
DA:4,0
DA:5,0
DA:17,0
DA:18,0
DA:19,0
DA:20,0
DA:21,0
DA:22,0
DA:23,0
DA:24,0
DA:28,0
DA:29,0
DA:30,0
DA:31,0
DA:32,0
DA:45,0
DA:145,0
DA:146,0
DA:150,0
DA:153,0
DA:156,0
DA:157,0
DA:161,0
DA:162,0
DA:175,0
DA:179,0
DA:183,0
DA:184,0
DA:185,0
DA:191,0
DA:194,0
DA:195,0
DA:203,0
DA:204,0
DA:212,0
DA:222,0
DA:232,0
DA:233,0
DA:236,0
DA:239,0
DA:240,0
DA:242,0
DA:243,0
DA:252,0
DA:260,0
DA:265,0
DA:274,0
DA:276,0
DA:277,0
DA:286,0
DA:289,0
DA:294,0
DA:295,0
DA:297,0
DA:298,0
DA:301,0
DA:309,0
DA:310,0
DA:311,0
DA:321,0
DA:322,0
DA:324,0
DA:328,0
DA:332,0
DA:333,0
DA:335,0
DA:336,0
DA:340,0
DA:341,0
DA:342,0
DA:343,0
DA:346,0
DA:351,0
DA:352,0
DA:353,0
DA:354,0
DA:358,0
DA:363,0
DA:368,0
DA:373,0
DA:374,0
DA:380,0
DA:381,0
DA:387,0
DA:388,0
DA:394,0
DA:396,0
DA:398,0
DA:402,0
DA:405,0
DA:406,0
DA:410,0
DA:413,0
DA:415,0
DA:416,0
DA:420,0
DA:421,0
LF:97
LH:0
BRDA:17,0,0,0
BRDA:17,0,1,0
BRDA:28,1,0,0
BRDA:28,1,1,0
BRDA:156,2,0,0
BRDA:161,3,0,0
BRDA:194,4,0,0
BRDA:196,5,0,0
BRDA:196,5,1,0
BRDA:203,6,0,0
BRDA:214,7,0,0
BRDA:214,7,1,0
BRDA:222,8,0,0
BRDA:222,8,1,0
BRDA:226,9,0,0
BRDA:239,10,0,0
BRDA:240,11,0,0
BRDA:240,11,1,0
BRDA:242,12,0,0
BRDA:242,12,1,0
BRDA:242,13,0,0
BRDA:242,13,1,0
BRDA:276,14,0,0
BRDA:276,14,1,0
BRDA:276,15,0,0
BRDA:276,15,1,0
BRDA:297,16,0,0
BRDA:398,17,0,0
BRDA:406,18,0,0
BRF:29
BRH:0
end_of_record
TN:
SF:utils\errorReporter.ts
FN:131,(anonymous_1)
FN:142,(anonymous_2)
FN:155,(anonymous_3)
FN:158,(anonymous_4)
FN:172,(anonymous_5)
FN:190,(anonymous_6)
FN:197,(anonymous_7)
FN:204,(anonymous_8)
FN:211,(anonymous_9)
FN:222,(anonymous_10)
FN:264,(anonymous_11)
FN:280,(anonymous_12)
FN:309,(anonymous_13)
FN:332,(anonymous_14)
FN:340,(anonymous_15)
FN:354,(anonymous_16)
FN:372,(anonymous_17)
FN:386,(anonymous_18)
FN:400,(anonymous_19)
FN:414,(anonymous_20)
FN:421,(anonymous_21)
FN:422,(anonymous_22)
FN:428,(anonymous_23)
FN:429,(anonymous_24)
FN:435,(anonymous_25)
FN:458,(anonymous_26)
FN:476,(anonymous_27)
FN:488,(anonymous_28)
FN:562,(anonymous_29)
FN:585,(anonymous_30)
FN:592,(anonymous_31)
FN:605,(anonymous_32)
FN:631,(anonymous_33)
FN:656,(anonymous_34)
FNF:34
FNH:0
FNDA:0,(anonymous_1)
FNDA:0,(anonymous_2)
FNDA:0,(anonymous_3)
FNDA:0,(anonymous_4)
FNDA:0,(anonymous_5)
FNDA:0,(anonymous_6)
FNDA:0,(anonymous_7)
FNDA:0,(anonymous_8)
FNDA:0,(anonymous_9)
FNDA:0,(anonymous_10)
FNDA:0,(anonymous_11)
FNDA:0,(anonymous_12)
FNDA:0,(anonymous_13)
FNDA:0,(anonymous_14)
FNDA:0,(anonymous_15)
FNDA:0,(anonymous_16)
FNDA:0,(anonymous_17)
FNDA:0,(anonymous_18)
FNDA:0,(anonymous_19)
FNDA:0,(anonymous_20)
FNDA:0,(anonymous_21)
FNDA:0,(anonymous_22)
FNDA:0,(anonymous_23)
FNDA:0,(anonymous_24)
FNDA:0,(anonymous_25)
FNDA:0,(anonymous_26)
FNDA:0,(anonymous_27)
FNDA:0,(anonymous_28)
FNDA:0,(anonymous_29)
FNDA:0,(anonymous_30)
FNDA:0,(anonymous_31)
FNDA:0,(anonymous_32)
FNDA:0,(anonymous_33)
FNDA:0,(anonymous_34)
DA:22,0
DA:23,0
DA:109,0
DA:115,0
DA:116,0
DA:117,0
DA:124,0
DA:125,0
DA:126,0
DA:127,0
DA:128,0
DA:129,0
DA:132,0
DA:143,0
DA:144,0
DA:145,0
DA:146,0
DA:148,0
DA:157,0
DA:158,0
DA:159,0
DA:165,0
DA:166,0
DA:171,0
DA:172,0
DA:173,0
DA:183,0
DA:191,0
DA:198,0
DA:205,0
DA:212,0
DA:227,0
DA:228,0
DA:231,0
DA:232,0
DA:254,0
DA:255,0
DA:257,0
DA:269,0
DA:270,0
DA:273,0
DA:274,0
DA:285,0
DA:286,0
DA:291,0
DA:292,0
DA:293,0
DA:294,0
DA:296,0
DA:299,0
DA:310,0
DA:311,0
DA:314,0
DA:319,0
DA:322,0
DA:323,0
DA:326,0
DA:333,0
DA:334,0
DA:341,0
DA:342,0
DA:347,0
DA:355,0
DA:356,0
DA:357,0
DA:358,0
DA:361,0
DA:373,0
DA:376,0
DA:377,0
DA:380,0
DA:387,0
DA:388,0
DA:393,0
DA:401,0
DA:402,0
DA:403,0
DA:404,0
DA:407,0
DA:415,0
DA:422,0
DA:429,0
DA:436,0
DA:444,0
DA:456,0
DA:458,0
DA:459,0
DA:460,0
DA:461,0
DA:464,0
DA:477,0
DA:478,0
DA:489,0
DA:490,0
DA:492,0
DA:498,0
DA:501,0
DA:506,0
DA:509,0
DA:515,0
DA:518,0
DA:522,0
DA:525,0
DA:530,0
DA:533,0
DA:537,0
DA:540,0
DA:545,0
DA:548,0
DA:553,0
DA:556,0
DA:563,0
DA:571,0
DA:572,0
DA:573,0
DA:574,0
DA:578,0
DA:579,0
DA:586,0
DA:593,0
DA:594,0
DA:595,0
DA:596,0
DA:597,0
DA:599,0
DA:606,0
DA:607,0
DA:609,0
DA:612,0
DA:613,0
DA:615,0
DA:616,0
DA:619,0
DA:620,0
DA:632,0
DA:633,0
DA:636,0
DA:638,0
DA:640,0
DA:649,0
DA:657,0
DA:658,0
DA:659,0
DA:661,0
DA:669,0
DA:670,0
LF:146
LH:0
BRDA:165,0,0,0
BRDA:171,1,0,0
BRDA:174,2,0,0
BRDA:174,2,1,0
BRDA:225,3,0,0
BRDA:227,4,0,0
BRDA:234,5,0,0
BRDA:234,5,1,0
BRDA:235,6,0,0
BRDA:235,6,1,0
BRDA:241,7,0,0
BRDA:241,7,1,0
BRDA:242,8,0,0
BRDA:242,8,1,0
BRDA:248,9,0,0
BRDA:248,9,1,0
BRDA:249,10,0,0
BRDA:249,10,1,0
BRDA:266,11,0,0
BRDA:269,12,0,0
BRDA:283,13,0,0
BRDA:285,14,0,0
BRDA:291,15,0,0
BRDA:291,15,1,0
BRDA:293,16,0,0
BRDA:293,16,1,0
BRDA:310,17,0,0
BRDA:322,18,0,0
BRDA:357,19,0,0
BRDA:376,20,0,0
BRDA:403,21,0,0
BRDA:492,22,0,0
BRDA:493,23,0,0
BRDA:493,23,1,0
BRDA:493,23,2,0
BRDA:493,23,3,0
BRDA:501,24,0,0
BRDA:502,25,0,0
BRDA:502,25,1,0
BRDA:502,25,2,0
BRDA:509,26,0,0
BRDA:510,27,0,0
BRDA:510,27,1,0
BRDA:510,27,2,0
BRDA:510,27,3,0
BRDA:518,28,0,0
BRDA:519,29,0,0
BRDA:519,29,1,0
BRDA:525,30,0,0
BRDA:526,31,0,0
BRDA:526,31,1,0
BRDA:526,31,2,0
BRDA:533,32,0,0
BRDA:534,33,0,0
BRDA:534,33,1,0
BRDA:540,34,0,0
BRDA:541,35,0,0
BRDA:541,35,1,0
BRDA:541,35,2,0
BRDA:548,36,0,0
BRDA:549,37,0,0
BRDA:549,37,1,0
BRDA:549,37,2,0
BRDA:566,38,0,0
BRDA:566,38,1,0
BRDA:567,39,0,0
BRDA:567,39,1,0
BRDA:571,40,0,0
BRDA:573,41,0,0
BRDA:609,42,0,0
BRDA:609,42,1,0
BRDA:609,42,2,0
BRDA:609,42,3,0
BRDA:609,42,4,0
BRDA:632,43,0,0
BRF:75
BRH:0
end_of_record
TN:
SF:utils\fileUploadConstants.ts
FN:252,isFileSizeValid
FN:262,isFileFormatValid
FN:270,isMimeTypeValid
FN:277,getFileExtension
FN:285,formatFileSize
FN:294,isResolutionValid
FN:304,calculateMegapixels
FN:311,isMegapixelsValid
FN:337,validateFile
FNF:9
FNH:0
FNDA:0,isFileSizeValid
FNDA:0,isFileFormatValid
FNDA:0,isMimeTypeValid
FNDA:0,getFileExtension
FNDA:0,formatFileSize
FNDA:0,isResolutionValid
FNDA:0,calculateMegapixels
FNDA:0,isMegapixelsValid
FNDA:0,validateFile
DA:25,0
DA:72,0
DA:93,0
DA:122,0
DA:166,0
DA:202,0
DA:232,0
DA:252,0
DA:253,0
DA:262,0
DA:263,0
DA:264,0
DA:270,0
DA:271,0
DA:277,0
DA:278,0
DA:279,0
DA:285,0
DA:286,0
DA:287,0
DA:288,0
DA:294,0
DA:295,0
DA:304,0
DA:305,0
DA:311,0
DA:312,0
DA:313,0
DA:337,0
DA:345,0
DA:346,0
DA:347,0
DA:349,0
DA:353,0
DA:354,0
DA:358,0
DA:359,0
DA:363,0
DA:364,0
DA:367,0
DA:382,0
LF:41
LH:0
BRDA:254,0,0,0
BRDA:254,0,1,0
BRDA:279,1,0,0
BRDA:279,1,1,0
BRDA:286,2,0,0
BRDA:287,3,0,0
BRDA:296,4,0,0
BRDA:296,4,1,0
BRDA:345,5,0,0
BRDA:346,6,0,0
BRDA:353,7,0,0
BRDA:358,8,0,0
BRDA:358,9,0,0
BRDA:358,9,1,0
BRDA:363,10,0,0
BRDA:363,11,0,0
BRDA:363,11,1,0
BRDA:363,11,2,0
BRF:18
BRH:0
end_of_record
TN:
SF:utils\gameAuthGuard.ts
FN:39,(anonymous_1)
FN:98,(anonymous_2)
FN:123,(anonymous_3)
FN:145,(anonymous_4)
FN:161,(anonymous_5)
FN:195,(anonymous_6)
FN:206,(anonymous_7)
FN:217,(anonymous_8)
FN:254,useGameAuthGuard
FN:255,(anonymous_10)
FN:259,(anonymous_11)
FN:263,(anonymous_12)
FN:267,(anonymous_13)
FN:271,(anonymous_14)
FNF:14
FNH:0
FNDA:0,(anonymous_1)
FNDA:0,(anonymous_2)
FNDA:0,(anonymous_3)
FNDA:0,(anonymous_4)
FNDA:0,(anonymous_5)
FNDA:0,(anonymous_6)
FNDA:0,(anonymous_7)
FNDA:0,(anonymous_8)
FNDA:0,useGameAuthGuard
FNDA:0,(anonymous_10)
FNDA:0,(anonymous_11)
FNDA:0,(anonymous_12)
FNDA:0,(anonymous_13)
FNDA:0,(anonymous_14)
DA:9,0
DA:10,0
DA:13,0
DA:14,0
DA:17,0
DA:20,0
DA:35,0
DA:40,0
DA:42,0
DA:43,0
DA:44,0
DA:51,0
DA:52,0
DA:53,0
DA:54,0
DA:61,0
DA:62,0
DA:63,0
DA:64,0
DA:65,0
DA:66,0
DA:74,0
DA:77,0
DA:78,0
DA:80,0
DA:86,0
DA:87,0
DA:99,0
DA:101,0
DA:102,0
DA:108,0
DA:109,0
DA:114,0
DA:117,0
DA:124,0
DA:125,0
DA:126,0
DA:129,0
DA:130,0
DA:131,0
DA:132,0
DA:135,0
DA:137,0
DA:138,0
DA:146,0
DA:147,0
DA:148,0
DA:150,0
DA:151,0
DA:153,0
DA:154,0
DA:162,0
DA:163,0
DA:167,0
DA:168,0
DA:169,0
DA:172,0
DA:174,0
DA:177,0
DA:178,0
DA:179,0
DA:180,0
DA:181,0
DA:185,0
DA:187,0
DA:188,0
DA:196,0
DA:197,0
DA:199,0
DA:207,0
DA:208,0
DA:210,0
DA:218,0
DA:219,0
DA:221,0
DA:223,0
DA:224,0
DA:227,0
DA:228,0
DA:229,0
DA:231,0
DA:232,0
DA:240,0
DA:242,0
DA:243,0
DA:249,0
DA:254,0
DA:255,0
DA:256,0
DA:259,0
DA:260,0
DA:263,0
DA:264,0
DA:267,0
DA:268,0
DA:271,0
DA:272,0
DA:275,0
DA:285,0
LF:99
LH:0
BRDA:43,0,0,0
BRDA:52,1,0,0
BRDA:62,2,0,0
BRDA:64,3,0,0
BRDA:78,4,0,0
BRDA:78,4,1,0
BRDA:83,5,0,0
BRDA:83,5,1,0
BRDA:101,6,0,0
BRDA:103,7,0,0
BRDA:103,7,1,0
BRDA:108,8,0,0
BRDA:108,8,1,0
BRDA:126,9,0,0
BRDA:130,10,0,0
BRDA:148,11,0,0
BRDA:151,12,0,0
BRDA:151,12,1,0
BRDA:151,12,2,0
BRDA:162,13,0,0
BRDA:162,14,0,0
BRDA:162,14,1,0
BRDA:168,15,0,0
BRDA:177,16,0,0
BRDA:179,17,0,0
BRDA:219,18,0,0
BRDA:227,19,0,0
BRDA:231,20,0,0
BRF:28
BRH:0
end_of_record
TN:
SF:utils\gameRateLimiter.ts
FN:80,(anonymous_1)
FN:105,(anonymous_2)
FN:151,(anonymous_3)
FN:164,(anonymous_4)
FN:173,(anonymous_5)
FN:218,(anonymous_6)
FN:241,(anonymous_7)
FN:265,(anonymous_8)
FN:280,(anonymous_9)
FN:284,(anonymous_10)
FN:298,useGameRateLimiter
FN:299,(anonymous_12)
FN:303,(anonymous_13)
FN:307,(anonymous_14)
FN:311,(anonymous_15)
FNF:15
FNH:0
FNDA:0,(anonymous_1)
FNDA:0,(anonymous_2)
FNDA:0,(anonymous_3)
FNDA:0,(anonymous_4)
FNDA:0,(anonymous_5)
FNDA:0,(anonymous_6)
FNDA:0,(anonymous_7)
FNDA:0,(anonymous_8)
FNDA:0,(anonymous_9)
FNDA:0,(anonymous_10)
FNDA:0,useGameRateLimiter
FNDA:0,(anonymous_12)
FNDA:0,(anonymous_13)
FNDA:0,(anonymous_14)
FNDA:0,(anonymous_15)
DA:8,0
DA:11,0
DA:12,0
DA:23,0
DA:74,0
DA:75,0
DA:85,0
DA:86,0
DA:87,0
DA:90,0
DA:93,0
DA:94,0
DA:104,0
DA:105,0
DA:108,0
DA:109,0
DA:110,0
DA:120,0
DA:122,0
DA:123,0
DA:125,0
DA:130,0
DA:140,0
DA:152,0
DA:153,0
DA:155,0
DA:156,0
DA:158,0
DA:165,0
DA:166,0
DA:167,0
DA:182,0
DA:183,0
DA:184,0
DA:186,0
DA:189,0
DA:190,0
DA:198,0
DA:199,0
DA:200,0
DA:201,0
DA:208,0
DA:219,0
DA:221,0
DA:222,0
DA:223,0
DA:224,0
DA:226,0
DA:227,0
DA:229,0
DA:230,0
DA:232,0
DA:233,0
DA:235,0
DA:243,0
DA:244,0
DA:248,0
DA:249,0
DA:250,0
DA:251,0
DA:252,0
DA:253,0
DA:256,0
DA:259,0
DA:267,0
DA:270,0
DA:271,0
DA:273,0
DA:281,0
DA:282,0
DA:283,0
DA:284,0
DA:285,0
DA:287,0
DA:293,0
DA:298,0
DA:299,0
DA:300,0
DA:303,0
DA:304,0
DA:307,0
DA:308,0
DA:311,0
DA:312,0
DA:315,0
DA:324,0
LF:86
LH:0
BRDA:85,0,0,0
BRDA:85,0,1,0
BRDA:85,0,2,0
BRDA:93,1,0,0
BRDA:93,2,0,0
BRDA:93,2,1,0
BRDA:109,3,0,0
BRDA:109,4,0,0
BRDA:109,4,1,0
BRDA:120,5,0,0
BRDA:122,6,0,0
BRDA:122,6,1,0
BRDA:182,7,0,0
BRDA:182,7,1,0
BRDA:182,7,2,0
BRDA:189,8,0,0
BRDA:189,9,0,0
BRDA:189,9,1,0
BRDA:199,10,0,0
BRDA:199,11,0,0
BRDA:199,11,1,0
BRDA:219,12,0,0
BRDA:226,13,0,0
BRDA:229,14,0,0
BRDA:232,15,0,0
BRDA:243,16,0,0
BRDA:250,17,0,0
BRF:27
BRH:0
end_of_record
TN:
SF:utils\gameSecurityMiddleware.ts
FN:58,(anonymous_1)
FN:128,(anonymous_2)
FN:164,(anonymous_3)
FN:185,(anonymous_4)
FN:231,(anonymous_5)
FN:270,(anonymous_6)
FN:277,(anonymous_7)
FN:282,(anonymous_8)
FN:304,(anonymous_9)
FN:316,(anonymous_10)
FN:327,(anonymous_11)
FN:334,(anonymous_12)
FN:338,(anonymous_13)
FN:344,(anonymous_14)
FN:351,(anonymous_15)
FN:366,(anonymous_16)
FN:381,useGameSecurity
FN:382,(anonymous_18)
FN:386,(anonymous_19)
FN:390,(anonymous_20)
FN:394,(anonymous_21)
FNF:21
FNH:0
FNDA:0,(anonymous_1)
FNDA:0,(anonymous_2)
FNDA:0,(anonymous_3)
FNDA:0,(anonymous_4)
FNDA:0,(anonymous_5)
FNDA:0,(anonymous_6)
FNDA:0,(anonymous_7)
FNDA:0,(anonymous_8)
FNDA:0,(anonymous_9)
FNDA:0,(anonymous_10)
FNDA:0,(anonymous_11)
FNDA:0,(anonymous_12)
FNDA:0,(anonymous_13)
FNDA:0,(anonymous_14)
FNDA:0,(anonymous_15)
FNDA:0,(anonymous_16)
FNDA:0,useGameSecurity
FNDA:0,(anonymous_18)
FNDA:0,(anonymous_19)
FNDA:0,(anonymous_20)
FNDA:0,(anonymous_21)
DA:8,0
DA:9,0
DA:10,0
DA:11,0
DA:14,0
DA:15,0
DA:18,0
DA:19,0
DA:54,0
DA:64,0
DA:65,0
DA:66,0
DA:74,0
DA:75,0
DA:76,0
DA:81,0
DA:89,0
DA:90,0
DA:91,0
DA:99,0
DA:100,0
DA:101,0
DA:103,0
DA:108,0
DA:117,0
DA:120,0
DA:129,0
DA:132,0
DA:136,0
DA:137,0
DA:139,0
DA:143,0
DA:144,0
DA:146,0
DA:150,0
DA:151,0
DA:153,0
DA:157,0
DA:165,0
DA:166,0
DA:168,0
DA:177,0
DA:179,0
DA:189,0
DA:191,0
DA:192,0
DA:193,0
DA:196,0
DA:199,0
DA:201,0
DA:202,0
DA:206,0
DA:211,0
DA:212,0
DA:214,0
DA:218,0
DA:221,0
DA:223,0
DA:224,0
DA:237,0
DA:238,0
DA:246,0
DA:247,0
DA:250,0
DA:256,0
DA:257,0
DA:263,0
DA:271,0
DA:272,0
DA:275,0
DA:276,0
DA:277,0
DA:281,0
DA:282,0
DA:286,0
DA:287,0
DA:291,0
DA:294,0
DA:296,0
DA:297,0
DA:305,0
DA:306,0
DA:307,0
DA:309,0
DA:317,0
DA:318,0
DA:320,0
DA:328,0
DA:336,0
DA:337,0
DA:338,0
DA:345,0
DA:352,0
DA:353,0
DA:355,0
DA:367,0
DA:368,0
DA:370,0
DA:376,0
DA:381,0
DA:382,0
DA:383,0
DA:386,0
DA:387,0
DA:390,0
DA:391,0
DA:394,0
DA:395,0
DA:398,0
DA:407,0
LF:110
LH:0
BRDA:65,0,0,0
BRDA:75,1,0,0
BRDA:90,2,0,0
BRDA:99,3,0,0
BRDA:129,4,0,0
BRDA:129,4,1,0
BRDA:129,4,2,0
BRDA:129,4,3,0
BRDA:129,4,4,0
BRDA:136,5,0,0
BRDA:136,6,0,0
BRDA:136,6,1,0
BRDA:136,6,2,0
BRDA:143,7,0,0
BRDA:150,8,0,0
BRDA:150,9,0,0
BRDA:150,9,1,0
BRDA:192,10,0,0
BRDA:199,11,0,0
BRDA:201,12,0,0
BRDA:212,13,0,0
BRDA:256,14,0,0
BRDA:286,15,0,0
BRDA:286,16,0,0
BRDA:286,16,1,0
BRDA:307,17,0,0
BRDA:307,17,1,0
BRDA:356,18,0,0
BRDA:356,18,1,0
BRDA:357,19,0,0
BRDA:357,19,1,0
BRF:31
BRH:0
end_of_record
TN:
SF:utils\greetingUtils.ts
FN:199,getTimeOfDay
FN:214,getTimeOfDayFromDate
FN:222,getRandomGreetingMessage
FN:235,getRandomEmoji
FN:248,createPersonalizedGreeting
FN:269,getGreetingForTime
FN:306,getCurrentGreeting
FN:313,getAllGreetingVariations
FN:319,(anonymous_8)
FN:338,formatTimeForDisplay
FN:355,getGreetingWithLocation
FN:375,isSpecialTime
FN:386,(anonymous_12)
FN:392,getSpecialGreeting
FN:410,getSmartGreeting
FNF:15
FNH:0
FNDA:0,getTimeOfDay
FNDA:0,getTimeOfDayFromDate
FNDA:0,getRandomGreetingMessage
FNDA:0,getRandomEmoji
FNDA:0,createPersonalizedGreeting
FNDA:0,getGreetingForTime
FNDA:0,getCurrentGreeting
FNDA:0,getAllGreetingVariations
FNDA:0,(anonymous_8)
FNDA:0,formatTimeForDisplay
FNDA:0,getGreetingWithLocation
FNDA:0,isSpecialTime
FNDA:0,(anonymous_12)
FNDA:0,getSpecialGreeting
FNDA:0,getSmartGreeting
DA:11,0
DA:199,0
DA:200,0
DA:201,0
DA:202,0
DA:203,0
DA:204,0
DA:205,0
DA:207,0
DA:214,0
DA:215,0
DA:216,0
DA:222,0
DA:226,0
DA:227,0
DA:228,0
DA:229,0
DA:235,0
DA:239,0
DA:240,0
DA:241,0
DA:242,0
DA:248,0
DA:253,0
DA:255,0
DA:256,0
DA:259,0
DA:260,0
DA:263,0
DA:269,0
DA:279,0
DA:282,0
DA:283,0
DA:285,0
DA:286,0
DA:288,0
DA:289,0
DA:290,0
DA:293,0
DA:306,0
DA:307,0
DA:313,0
DA:317,0
DA:319,0
DA:320,0
DA:321,0
DA:322,0
DA:326,0
DA:338,0
DA:339,0
DA:345,0
DA:346,0
DA:349,0
DA:355,0
DA:359,0
DA:361,0
DA:362,0
DA:369,0
DA:375,0
DA:376,0
DA:377,0
DA:380,0
DA:386,0
DA:392,0
DA:393,0
DA:394,0
DA:396,0
DA:397,0
DA:400,0
DA:401,0
DA:404,0
DA:410,0
DA:415,0
DA:416,0
DA:417,0
DA:418,0
DA:430,0
LF:77
LH:0
BRDA:200,0,0,0
BRDA:200,0,1,0
BRDA:200,1,0,0
BRDA:200,1,1,0
BRDA:202,2,0,0
BRDA:202,2,1,0
BRDA:202,3,0,0
BRDA:202,3,1,0
BRDA:204,4,0,0
BRDA:204,4,1,0
BRDA:204,5,0,0
BRDA:204,5,1,0
BRDA:224,6,0,0
BRDA:226,7,0,0
BRDA:226,7,1,0
BRDA:237,8,0,0
BRDA:239,9,0,0
BRDA:239,9,1,0
BRDA:255,10,0,0
BRDA:259,11,0,0
BRDA:271,12,0,0
BRDA:275,13,0,0
BRDA:276,14,0,0
BRDA:277,15,0,0
BRDA:278,16,0,0
BRDA:286,17,0,0
BRDA:286,17,1,0
BRDA:289,18,0,0
BRDA:289,19,0,0
BRDA:289,19,1,0
BRDA:306,20,0,0
BRDA:314,21,0,0
BRDA:322,22,0,0
BRDA:322,22,1,0
BRDA:345,23,0,0
BRDA:357,24,0,0
BRDA:361,25,0,0
BRDA:361,26,0,0
BRDA:361,26,1,0
BRDA:386,27,0,0
BRDA:386,27,1,0
BRDA:396,28,0,0
BRDA:396,29,0,0
BRDA:396,29,1,0
BRDA:397,30,0,0
BRDA:397,30,1,0
BRDA:400,31,0,0
BRDA:400,32,0,0
BRDA:400,32,1,0
BRDA:401,33,0,0
BRDA:401,33,1,0
BRDA:412,34,0,0
BRDA:415,35,0,0
BRDA:417,36,0,0
BRDA:423,37,0,0
BRDA:423,37,1,0
BRF:56
BRH:0
end_of_record
TN:
SF:utils\homepageTransformers.ts
FN:26,transformProduct
FN:64,transformRecommendation
FN:82,transformProducts
FN:89,transformRecommendations
FN:90,(anonymous_4)
FN:106,transformStore
FN:141,transformStores
FN:152,transformEvent
FN:178,transformEvents
FN:189,transformOffer
FN:223,transformFlashSale
FN:251,transformOffers
FN:258,transformFlashSales
FN:260,(anonymous_13)
FN:271,calculateDiscount
FN:279,determineAvailabilityStatus
FN:291,normalizeImageUrl
FN:318,formatPrice
FN:328,formatDate
FN:344,formatTime
FN:359,sanitizeData
FN:372,validateRequiredFields
FN:376,(anonymous_22)
FN:385,deepClone
FN:388,(anonymous_24)
FNF:25
FNH:0
FNDA:0,transformProduct
FNDA:0,transformRecommendation
FNDA:0,transformProducts
FNDA:0,transformRecommendations
FNDA:0,(anonymous_4)
FNDA:0,transformStore
FNDA:0,transformStores
FNDA:0,transformEvent
FNDA:0,transformEvents
FNDA:0,transformOffer
FNDA:0,transformFlashSale
FNDA:0,transformOffers
FNDA:0,transformFlashSales
FNDA:0,(anonymous_13)
FNDA:0,calculateDiscount
FNDA:0,determineAvailabilityStatus
FNDA:0,normalizeImageUrl
FNDA:0,formatPrice
FNDA:0,formatDate
FNDA:0,formatTime
FNDA:0,sanitizeData
FNDA:0,validateRequiredFields
FNDA:0,(anonymous_22)
FNDA:0,deepClone
FNDA:0,(anonymous_24)
DA:26,0
DA:27,0
DA:64,0
DA:69,0
DA:70,0
DA:82,0
DA:83,0
DA:89,0
DA:90,0
DA:91,0
DA:106,0
DA:107,0
DA:141,0
DA:142,0
DA:152,0
DA:153,0
DA:178,0
DA:179,0
DA:189,0
DA:190,0
DA:191,0
DA:193,0
DA:223,0
DA:224,0
DA:225,0
DA:227,0
DA:251,0
DA:252,0
DA:258,0
DA:259,0
DA:260,0
DA:272,0
DA:273,0
DA:282,0
DA:283,0
DA:284,0
DA:285,0
DA:291,0
DA:292,0
DA:295,0
DA:296,0
DA:300,0
DA:301,0
DA:306,0
DA:307,0
DA:311,0
DA:312,0
DA:318,0
DA:319,0
DA:328,0
DA:329,0
DA:330,0
DA:331,0
DA:337,0
DA:344,0
DA:345,0
DA:346,0
DA:347,0
DA:348,0
DA:349,0
DA:350,0
DA:352,0
DA:359,0
DA:360,0
DA:361,0
DA:362,0
DA:363,0
DA:366,0
DA:372,0
DA:376,0
DA:377,0
DA:378,0
DA:385,0
DA:386,0
DA:387,0
DA:388,0
DA:390,0
DA:391,0
DA:392,0
DA:393,0
DA:396,0
LF:81
LH:0
BRDA:32,0,0,0
BRDA:32,0,1,0
BRDA:33,1,0,0
BRDA:33,1,1,0
BRDA:33,1,2,0
BRDA:37,2,0,0
BRDA:37,2,1,0
BRDA:39,3,0,0
BRDA:39,3,1,0
BRDA:43,4,0,0
BRDA:43,4,1,0
BRDA:45,5,0,0
BRDA:45,5,1,0
BRDA:46,6,0,0
BRDA:46,6,1,0
BRDA:50,7,0,0
BRDA:50,7,1,0
BRDA:56,8,0,0
BRDA:56,8,1,0
BRDA:72,9,0,0
BRDA:72,9,1,0
BRDA:73,10,0,0
BRDA:73,10,1,0
BRDA:112,11,0,0
BRDA:112,11,1,0
BRDA:113,12,0,0
BRDA:113,12,1,0
BRDA:113,12,2,0
BRDA:116,13,0,0
BRDA:116,13,1,0
BRDA:117,14,0,0
BRDA:117,14,1,0
BRDA:121,15,0,0
BRDA:121,15,1,0
BRDA:125,16,0,0
BRDA:125,16,1,0
BRDA:128,17,0,0
BRDA:128,17,1,0
BRDA:132,18,0,0
BRDA:132,18,1,0
BRDA:133,19,0,0
BRDA:133,19,1,0
BRDA:134,20,0,0
BRDA:134,20,1,0
BRDA:157,21,0,0
BRDA:157,21,1,0
BRDA:161,22,0,0
BRDA:161,22,1,0
BRDA:163,23,0,0
BRDA:163,23,1,0
BRDA:169,24,0,0
BRDA:169,24,1,0
BRDA:170,25,0,0
BRDA:170,25,1,0
BRDA:190,26,0,0
BRDA:190,26,1,0
BRDA:190,26,2,0
BRDA:191,27,0,0
BRDA:191,27,1,0
BRDA:198,28,0,0
BRDA:198,28,1,0
BRDA:207,29,0,0
BRDA:207,29,1,0
BRDA:209,30,0,0
BRDA:209,30,1,0
BRDA:224,31,0,0
BRDA:224,31,1,0
BRDA:224,31,2,0
BRDA:225,32,0,0
BRDA:225,32,1,0
BRDA:225,32,2,0
BRDA:232,33,0,0
BRDA:232,33,1,0
BRDA:241,34,0,0
BRDA:241,34,1,0
BRDA:272,35,0,0
BRDA:272,36,0,0
BRDA:272,36,1,0
BRDA:282,37,0,0
BRDA:282,38,0,0
BRDA:282,38,1,0
BRDA:283,39,0,0
BRDA:284,40,0,0
BRDA:292,41,0,0
BRDA:295,42,0,0
BRDA:295,43,0,0
BRDA:295,43,1,0
BRDA:300,44,0,0
BRDA:306,45,0,0
BRDA:306,45,1,0
BRDA:311,46,0,0
BRDA:311,46,1,0
BRDA:312,47,0,0
BRDA:312,47,1,0
BRDA:318,48,0,0
BRDA:348,49,0,0
BRDA:348,49,1,0
BRDA:349,50,0,0
BRDA:349,50,1,0
BRDA:362,51,0,0
BRDA:362,52,0,0
BRDA:362,52,1,0
BRDA:378,53,0,0
BRDA:378,53,1,0
BRDA:378,53,2,0
BRDA:386,54,0,0
BRDA:386,55,0,0
BRDA:386,55,1,0
BRDA:387,56,0,0
BRDA:388,57,0,0
BRDA:392,58,0,0
BRF:111
BRH:0
end_of_record
TN:
SF:utils\imageCompression.ts
FN:21,(anonymous_6)
FN:37,(anonymous_7)
FNF:2
FNH:0
FNDA:0,(anonymous_6)
FNDA:0,(anonymous_7)
DA:1,0
DA:2,0
DA:11,0
DA:21,0
DA:22,0
DA:23,0
DA:24,0
DA:25,0
DA:27,0
DA:29,0
DA:30,0
DA:37,0
DA:41,0
DA:43,0
DA:45,0
DA:46,0
DA:49,0
DA:50,0
DA:51,0
DA:55,0
DA:56,0
DA:57,0
DA:58,0
DA:59,0
DA:62,0
DA:65,0
DA:74,0
DA:75,0
DA:76,0
DA:78,0
DA:80,0
DA:82,0
LF:32
LH:0
BRDA:24,0,0,0
BRDA:24,1,0,0
BRDA:24,1,1,0
BRDA:39,2,0,0
BRDA:49,3,0,0
BRDA:56,4,0,0
BRDA:56,4,1,0
BRDA:58,5,0,0
BRF:8
BRH:0
end_of_record
TN:
SF:utils\imagePerformanceMonitor.ts
FN:60,(anonymous_1)
FN:67,(anonymous_2)
FN:85,(anonymous_3)
FN:93,(anonymous_4)
FN:146,(anonymous_5)
FN:157,(anonymous_6)
FN:163,(anonymous_7)
FN:182,(anonymous_8)
FN:184,(anonymous_9)
FN:187,(anonymous_10)
FN:190,(anonymous_11)
FN:191,(anonymous_12)
FN:226,(anonymous_13)
FN:266,(anonymous_14)
FN:311,(anonymous_15)
FN:313,(anonymous_16)
FN:325,(anonymous_17)
FN:333,(anonymous_18)
FN:340,(anonymous_19)
FN:352,(anonymous_20)
FN:360,(anonymous_21)
FN:369,(anonymous_22)
FN:382,(anonymous_23)
FN:391,(anonymous_24)
FN:399,(anonymous_25)
FN:406,(anonymous_26)
FN:419,(anonymous_27)
FN:440,(anonymous_28)
FN:445,(anonymous_29)
FN:451,(anonymous_30)
FNF:30
FNH:0
FNDA:0,(anonymous_1)
FNDA:0,(anonymous_2)
FNDA:0,(anonymous_3)
FNDA:0,(anonymous_4)
FNDA:0,(anonymous_5)
FNDA:0,(anonymous_6)
FNDA:0,(anonymous_7)
FNDA:0,(anonymous_8)
FNDA:0,(anonymous_9)
FNDA:0,(anonymous_10)
FNDA:0,(anonymous_11)
FNDA:0,(anonymous_12)
FNDA:0,(anonymous_13)
FNDA:0,(anonymous_14)
FNDA:0,(anonymous_15)
FNDA:0,(anonymous_16)
FNDA:0,(anonymous_17)
FNDA:0,(anonymous_18)
FNDA:0,(anonymous_19)
FNDA:0,(anonymous_20)
FNDA:0,(anonymous_21)
FNDA:0,(anonymous_22)
FNDA:0,(anonymous_23)
FNDA:0,(anonymous_24)
FNDA:0,(anonymous_25)
FNDA:0,(anonymous_26)
FNDA:0,(anonymous_27)
FNDA:0,(anonymous_28)
FNDA:0,(anonymous_29)
FNDA:0,(anonymous_30)
DA:12,0
DA:49,0
DA:50,0
DA:56,0
DA:57,0
DA:58,0
DA:61,0
DA:68,0
DA:70,0
DA:71,0
DA:72,0
DA:73,0
DA:75,0
DA:77,0
DA:78,0
DA:86,0
DA:87,0
DA:105,0
DA:107,0
DA:108,0
DA:110,0
DA:125,0
DA:128,0
DA:129,0
DA:133,0
DA:134,0
DA:138,0
DA:139,0
DA:147,0
DA:148,0
DA:150,0
DA:158,0
DA:161,0
DA:162,0
DA:163,0
DA:166,0
DA:167,0
DA:181,0
DA:182,0
DA:183,0
DA:184,0
DA:185,0
DA:187,0
DA:188,0
DA:190,0
DA:191,0
DA:192,0
DA:193,0
DA:196,0
DA:203,0
DA:210,0
DA:231,0
DA:234,0
DA:235,0
DA:236,0
DA:237,0
DA:238,0
DA:239,0
DA:243,0
DA:244,0
DA:245,0
DA:246,0
DA:247,0
DA:248,0
DA:252,0
DA:253,0
DA:254,0
DA:255,0
DA:256,0
DA:257,0
DA:260,0
DA:272,0
DA:275,0
DA:276,0
DA:277,0
DA:278,0
DA:279,0
DA:280,0
DA:284,0
DA:285,0
DA:286,0
DA:287,0
DA:288,0
DA:289,0
DA:293,0
DA:294,0
DA:295,0
DA:296,0
DA:297,0
DA:298,0
DA:302,0
DA:303,0
DA:304,0
DA:305,0
DA:306,0
DA:307,0
DA:311,0
DA:312,0
DA:313,0
DA:314,0
DA:315,0
DA:319,0
DA:326,0
DA:333,0
DA:334,0
DA:335,0
DA:336,0
DA:340,0
DA:341,0
DA:345,0
DA:353,0
DA:360,0
DA:361,0
DA:362,0
DA:363,0
DA:364,0
DA:365,0
DA:369,0
DA:370,0
DA:375,0
DA:383,0
DA:384,0
DA:385,0
DA:392,0
DA:393,0
DA:400,0
DA:407,0
DA:420,0
DA:421,0
DA:422,0
DA:424,0
DA:440,0
DA:446,0
DA:451,0
DA:457,0
LF:135
LH:0
BRDA:71,0,0,0
BRDA:86,1,0,0
BRDA:96,2,0,0
BRDA:105,3,0,0
BRDA:105,4,0,0
BRDA:105,4,1,0
BRDA:115,5,0,0
BRDA:115,5,1,0
BRDA:116,6,0,0
BRDA:116,6,1,0
BRDA:117,7,0,0
BRDA:117,7,1,0
BRDA:128,8,0,0
BRDA:133,9,0,0
BRDA:138,10,0,0
BRDA:138,11,0,0
BRDA:138,11,1,0
BRDA:161,12,0,0
BRDA:166,13,0,0
BRDA:191,14,0,0
BRDA:191,14,1,0
BRDA:192,15,0,0
BRDA:192,15,1,0
BRDA:234,16,0,0
BRDA:234,16,1,0
BRDA:236,17,0,0
BRDA:236,17,1,0
BRDA:238,18,0,0
BRDA:243,19,0,0
BRDA:243,19,1,0
BRDA:245,20,0,0
BRDA:245,20,1,0
BRDA:247,21,0,0
BRDA:252,22,0,0
BRDA:252,22,1,0
BRDA:254,23,0,0
BRDA:254,23,1,0
BRDA:256,24,0,0
BRDA:275,25,0,0
BRDA:275,25,1,0
BRDA:277,26,0,0
BRDA:277,26,1,0
BRDA:279,27,0,0
BRDA:284,28,0,0
BRDA:284,28,1,0
BRDA:286,29,0,0
BRDA:286,29,1,0
BRDA:288,30,0,0
BRDA:293,31,0,0
BRDA:293,31,1,0
BRDA:295,32,0,0
BRDA:295,32,1,0
BRDA:297,33,0,0
BRDA:302,34,0,0
BRDA:302,34,1,0
BRDA:304,35,0,0
BRDA:304,35,1,0
BRDA:306,36,0,0
BRDA:311,37,0,0
BRDA:311,37,1,0
BRDA:312,38,0,0
BRDA:314,39,0,0
BRDA:319,40,0,0
BRDA:319,40,1,0
BRDA:334,41,0,0
BRDA:343,42,0,0
BRDA:343,42,1,0
BRDA:361,43,0,0
BRDA:361,43,1,0
BRDA:364,44,0,0
BRDA:372,45,0,0
BRDA:372,45,1,0
BRDA:373,46,0,0
BRDA:373,46,1,0
BRDA:393,47,0,0
BRDA:393,47,1,0
BRF:76
BRH:0
end_of_record
TN:
SF:utils\imageProcessing.ts
FN:28,(anonymous_0)
FN:29,(anonymous_1)
FN:32,(anonymous_2)
FN:35,(anonymous_3)
FN:44,(anonymous_4)
FN:47,(anonymous_5)
FN:59,(anonymous_6)
FN:82,(anonymous_7)
FN:96,(anonymous_8)
FN:99,(anonymous_9)
FN:100,(anonymous_10)
FN:112,(anonymous_11)
FN:159,(anonymous_12)
FN:172,(anonymous_13)
FN:173,(anonymous_14)
FN:177,(anonymous_15)
FN:206,(anonymous_16)
FN:220,(anonymous_17)
FN:260,(anonymous_18)
FN:272,(anonymous_19)
FN:296,(anonymous_20)
FNF:21
FNH:0
FNDA:0,(anonymous_0)
FNDA:0,(anonymous_1)
FNDA:0,(anonymous_2)
FNDA:0,(anonymous_3)
FNDA:0,(anonymous_4)
FNDA:0,(anonymous_5)
FNDA:0,(anonymous_6)
FNDA:0,(anonymous_7)
FNDA:0,(anonymous_8)
FNDA:0,(anonymous_9)
FNDA:0,(anonymous_10)
FNDA:0,(anonymous_11)
FNDA:0,(anonymous_12)
FNDA:0,(anonymous_13)
FNDA:0,(anonymous_14)
FNDA:0,(anonymous_15)
FNDA:0,(anonymous_16)
FNDA:0,(anonymous_17)
FNDA:0,(anonymous_18)
FNDA:0,(anonymous_19)
FNDA:0,(anonymous_20)
DA:1,0
DA:28,0
DA:29,0
DA:30,0
DA:31,0
DA:32,0
DA:33,0
DA:35,0
DA:36,0
DA:38,0
DA:41,0
DA:42,0
DA:45,0
DA:48,0
DA:59,0
DA:60,0
DA:61,0
DA:62,0
DA:65,0
DA:66,0
DA:67,0
DA:68,0
DA:70,0
DA:71,0
DA:72,0
DA:75,0
DA:82,0
DA:83,0
DA:84,0
DA:87,0
DA:88,0
DA:89,0
DA:90,0
DA:91,0
DA:92,0
DA:96,0
DA:99,0
DA:100,0
DA:101,0
DA:104,0
DA:112,0
DA:113,0
DA:116,0
DA:122,0
DA:123,0
DA:126,0
DA:127,0
DA:128,0
DA:129,0
DA:133,0
DA:134,0
DA:135,0
DA:136,0
DA:139,0
DA:140,0
DA:141,0
DA:142,0
DA:146,0
DA:147,0
DA:152,0
DA:159,0
DA:160,0
DA:161,0
DA:165,0
DA:172,0
DA:173,0
DA:174,0
DA:175,0
DA:177,0
DA:178,0
DA:180,0
DA:181,0
DA:182,0
DA:183,0
DA:184,0
DA:188,0
DA:189,0
DA:190,0
DA:191,0
DA:193,0
DA:194,0
DA:195,0
DA:198,0
DA:199,0
DA:200,0
DA:202,0
DA:206,0
DA:207,0
DA:210,0
DA:220,0
DA:224,0
DA:226,0
DA:229,0
DA:237,0
DA:242,0
DA:245,0
DA:246,0
DA:248,0
DA:260,0
DA:265,0
DA:266,0
DA:272,0
DA:273,0
DA:274,0
DA:275,0
DA:276,0
DA:277,0
DA:278,0
DA:280,0
DA:283,0
DA:284,0
DA:285,0
DA:288,0
DA:289,0
DA:296,0
DA:297,0
DA:299,0
DA:300,0
DA:303,0
DA:306,0
DA:307,0
DA:308,0
DA:310,0
DA:311,0
DA:312,0
DA:313,0
DA:314,0
DA:316,0
DA:320,0
DA:330,0
DA:331,0
LF:131
LH:0
BRDA:30,0,0,0
BRDA:30,0,1,0
BRDA:75,1,0,0
BRDA:75,1,1,0
BRDA:152,2,0,0
BRDA:152,2,1,0
BRDA:159,3,0,0
BRDA:160,4,0,0
BRDA:160,4,1,0
BRDA:181,5,0,0
BRDA:181,6,0,0
BRDA:181,6,1,0
BRDA:193,7,0,0
BRDA:263,8,0,0
BRDA:274,9,0,0
BRDA:274,9,1,0
BRDA:275,10,0,0
BRDA:275,11,0,0
BRDA:275,11,1,0
BRF:19
BRH:0
end_of_record
TN:
SF:utils\inputSanitization.ts
FN:4,(anonymous_0)
FN:16,(anonymous_1)
FN:26,(anonymous_2)
FNF:3
FNH:0
FNDA:0,(anonymous_0)
FNDA:0,(anonymous_1)
FNDA:0,(anonymous_2)
DA:4,0
DA:5,0
DA:7,0
DA:16,0
DA:17,0
DA:20,0
DA:26,0
DA:27,0
DA:30,0
LF:9
LH:0
BRDA:5,0,0,0
BRDA:17,1,0,0
BRDA:27,2,0,0
BRF:3
BRH:0
end_of_record
TN:
SF:utils\logger.ts
FN:14,(anonymous_0)
FN:58,(anonymous_1)
FN:65,(anonymous_2)
FN:78,(anonymous_3)
FN:100,(anonymous_4)
FN:110,(anonymous_5)
FN:124,(anonymous_6)
FN:138,(anonymous_7)
FN:159,(anonymous_8)
FN:178,(anonymous_9)
FN:185,(anonymous_10)
FN:196,(anonymous_11)
FN:208,(anonymous_12)
FN:220,(anonymous_13)
FN:232,(anonymous_14)
FN:234,(anonymous_15)
FN:242,(anonymous_16)
FN:249,(anonymous_17)
FN:254,(anonymous_18)
FN:276,(anonymous_19)
FN:277,(anonymous_20)
FN:278,(anonymous_21)
FN:279,(anonymous_22)
FN:280,(anonymous_23)
FN:281,(anonymous_24)
FN:282,(anonymous_25)
FN:283,(anonymous_26)
FN:284,(anonymous_27)
FNF:28
FNH:0
FNDA:0,(anonymous_0)
FNDA:0,(anonymous_1)
FNDA:0,(anonymous_2)
FNDA:0,(anonymous_3)
FNDA:0,(anonymous_4)
FNDA:0,(anonymous_5)
FNDA:0,(anonymous_6)
FNDA:0,(anonymous_7)
FNDA:0,(anonymous_8)
FNDA:0,(anonymous_9)
FNDA:0,(anonymous_10)
FNDA:0,(anonymous_11)
FNDA:0,(anonymous_12)
FNDA:0,(anonymous_13)
FNDA:0,(anonymous_14)
FNDA:0,(anonymous_15)
FNDA:0,(anonymous_16)
FNDA:0,(anonymous_17)
FNDA:0,(anonymous_18)
FNDA:0,(anonymous_19)
FNDA:0,(anonymous_20)
FNDA:0,(anonymous_21)
FNDA:0,(anonymous_22)
FNDA:0,(anonymous_23)
FNDA:0,(anonymous_24)
FNDA:0,(anonymous_25)
FNDA:0,(anonymous_26)
FNDA:0,(anonymous_27)
DA:9,0
DA:14,0
DA:15,0
DA:16,0
DA:17,0
DA:18,0
DA:46,0
DA:53,0
DA:59,0
DA:66,0
DA:68,0
DA:69,0
DA:70,0
DA:72,0
DA:79,0
DA:87,0
DA:88,0
DA:91,0
DA:92,0
DA:101,0
DA:102,0
DA:103,0
DA:111,0
DA:113,0
DA:115,0
DA:116,0
DA:125,0
DA:127,0
DA:129,0
DA:130,0
DA:139,0
DA:141,0
DA:143,0
DA:146,0
DA:147,0
DA:160,0
DA:162,0
DA:164,0
DA:167,0
DA:168,0
DA:179,0
DA:186,0
DA:187,0
DA:188,0
DA:189,0
DA:197,0
DA:200,0
DA:201,0
DA:209,0
DA:212,0
DA:213,0
DA:221,0
DA:224,0
DA:225,0
DA:233,0
DA:234,0
DA:236,0
DA:243,0
DA:250,0
DA:255,0
DA:256,0
DA:264,0
DA:269,0
DA:270,0
DA:275,0
DA:276,0
DA:277,0
DA:278,0
DA:279,0
DA:280,0
DA:281,0
DA:282,0
DA:283,0
DA:284,0
LF:74
LH:0
BRDA:14,0,0,0
BRDA:14,0,1,0
BRDA:48,1,0,0
BRDA:48,1,1,0
BRDA:66,2,0,0
BRDA:87,3,0,0
BRDA:91,4,0,0
BRDA:102,5,0,0
BRDA:102,5,1,0
BRDA:111,6,0,0
BRDA:115,7,0,0
BRDA:116,8,0,0
BRDA:116,8,1,0
BRDA:125,9,0,0
BRDA:129,10,0,0
BRDA:130,11,0,0
BRDA:130,11,1,0
BRDA:139,12,0,0
BRDA:143,13,0,0
BRDA:143,13,1,0
BRDA:146,14,0,0
BRDA:160,15,0,0
BRDA:164,16,0,0
BRDA:164,16,1,0
BRDA:167,17,0,0
BRDA:186,18,0,0
BRDA:186,18,1,0
BRDA:186,19,0,0
BRDA:186,19,1,0
BRDA:188,20,0,0
BRDA:200,21,0,0
BRDA:212,22,0,0
BRDA:224,23,0,0
BRDA:233,24,0,0
BRDA:255,25,0,0
BRF:35
BRH:0
end_of_record
TN:
SF:utils\memoryManager.ts
FN:47,(anonymous_0)
FN:55,(anonymous_1)
FN:62,(anonymous_2)
FN:77,(anonymous_3)
FN:79,(anonymous_4)
FN:87,(anonymous_5)
FN:89,(anonymous_6)
FN:106,(anonymous_7)
FN:147,(anonymous_8)
FN:174,(anonymous_9)
FN:186,(anonymous_10)
FN:198,(anonymous_11)
FN:205,(anonymous_12)
FN:222,(anonymous_13)
FN:224,(anonymous_14)
FN:226,(anonymous_15)
FN:242,(anonymous_16)
FN:257,(anonymous_17)
FN:262,(anonymous_18)
FN:263,(anonymous_19)
FN:289,(anonymous_20)
FN:290,(anonymous_21)
FN:314,(anonymous_22)
FN:337,(anonymous_23)
FN:344,(anonymous_24)
FN:358,(anonymous_25)
FN:359,(anonymous_26)
FN:365,(anonymous_27)
FN:366,(anonymous_28)
FN:372,(anonymous_29)
FN:379,(anonymous_30)
FN:386,(anonymous_31)
FN:398,(anonymous_32)
FN:399,(anonymous_33)
FN:401,(anonymous_34)
FN:404,(anonymous_35)
FNF:36
FNH:0
FNDA:0,(anonymous_0)
FNDA:0,(anonymous_1)
FNDA:0,(anonymous_2)
FNDA:0,(anonymous_3)
FNDA:0,(anonymous_4)
FNDA:0,(anonymous_5)
FNDA:0,(anonymous_6)
FNDA:0,(anonymous_7)
FNDA:0,(anonymous_8)
FNDA:0,(anonymous_9)
FNDA:0,(anonymous_10)
FNDA:0,(anonymous_11)
FNDA:0,(anonymous_12)
FNDA:0,(anonymous_13)
FNDA:0,(anonymous_14)
FNDA:0,(anonymous_15)
FNDA:0,(anonymous_16)
FNDA:0,(anonymous_17)
FNDA:0,(anonymous_18)
FNDA:0,(anonymous_19)
FNDA:0,(anonymous_20)
FNDA:0,(anonymous_21)
FNDA:0,(anonymous_22)
FNDA:0,(anonymous_23)
FNDA:0,(anonymous_24)
FNDA:0,(anonymous_25)
FNDA:0,(anonymous_26)
FNDA:0,(anonymous_27)
FNDA:0,(anonymous_28)
FNDA:0,(anonymous_29)
FNDA:0,(anonymous_30)
FNDA:0,(anonymous_31)
FNDA:0,(anonymous_32)
FNDA:0,(anonymous_33)
FNDA:0,(anonymous_34)
FNDA:0,(anonymous_35)
DA:13,0
DA:39,0
DA:40,0
DA:41,0
DA:42,0
DA:43,0
DA:44,0
DA:45,0
DA:48,0
DA:49,0
DA:56,0
DA:62,0
DA:63,0
DA:64,0
DA:66,0
DA:67,0
DA:68,0
DA:69,0
DA:70,0
DA:79,0
DA:80,0
DA:88,0
DA:89,0
DA:92,0
DA:93,0
DA:97,0
DA:98,0
DA:112,0
DA:114,0
DA:116,0
DA:117,0
DA:118,0
DA:121,0
DA:131,0
DA:133,0
DA:134,0
DA:137,0
DA:141,0
DA:148,0
DA:150,0
DA:152,0
DA:153,0
DA:154,0
DA:155,0
DA:157,0
DA:159,0
DA:163,0
DA:164,0
DA:165,0
DA:167,0
DA:175,0
DA:176,0
DA:177,0
DA:178,0
DA:179,0
DA:187,0
DA:188,0
DA:189,0
DA:190,0
DA:191,0
DA:199,0
DA:207,0
DA:216,0
DA:223,0
DA:224,0
DA:225,0
DA:226,0
DA:230,0
DA:243,0
DA:244,0
DA:246,0
DA:247,0
DA:250,0
DA:258,0
DA:260,0
DA:261,0
DA:262,0
DA:263,0
DA:265,0
DA:267,0
DA:270,0
DA:274,0
DA:278,0
DA:282,0
DA:286,0
DA:288,0
DA:289,0
DA:290,0
DA:292,0
DA:295,0
DA:298,0
DA:300,0
DA:301,0
DA:305,0
DA:306,0
DA:315,0
DA:318,0
DA:319,0
DA:320,0
DA:322,0
DA:327,0
DA:328,0
DA:329,0
DA:331,0
DA:338,0
DA:345,0
DA:347,0
DA:348,0
DA:349,0
DA:350,0
DA:351,0
DA:359,0
DA:366,0
DA:373,0
DA:380,0
DA:393,0
DA:394,0
DA:396,0
DA:398,0
DA:399,0
DA:401,0
DA:404,0
DA:411,0
DA:412,0
LF:124
LH:0
BRDA:66,0,0,0
BRDA:66,0,1,0
BRDA:66,1,0,0
BRDA:66,1,1,0
BRDA:69,2,0,0
BRDA:69,3,0,0
BRDA:69,3,1,0
BRDA:89,4,0,0
BRDA:89,4,1,0
BRDA:92,5,0,0
BRDA:108,6,0,0
BRDA:110,7,0,0
BRDA:114,8,0,0
BRDA:114,8,1,0
BRDA:126,9,0,0
BRDA:126,9,1,0
BRDA:133,10,0,0
BRDA:150,11,0,0
BRDA:153,12,0,0
BRDA:176,13,0,0
BRDA:188,14,0,0
BRDA:216,15,0,0
BRDA:216,15,1,0
BRDA:246,16,0,0
BRDA:257,17,0,0
BRDA:267,18,0,0
BRDA:267,18,1,0
BRDA:267,18,2,0
BRDA:348,19,0,0
BRF:29
BRH:0
end_of_record
TN:
SF:utils\memoryMonitor.ts
FN:26,(anonymous_1)
FN:30,(anonymous_2)
FN:40,(anonymous_3)
FN:51,(anonymous_4)
FN:56,(anonymous_5)
FN:64,(anonymous_6)
FN:74,(anonymous_7)
FN:96,(anonymous_8)
FN:118,(anonymous_9)
FN:135,(anonymous_10)
FN:139,(anonymous_11)
FN:147,(anonymous_12)
FN:148,(anonymous_13)
FN:160,(anonymous_14)
FN:165,(anonymous_15)
FN:185,(anonymous_16)
FN:222,(anonymous_17)
FN:235,(anonymous_18)
[...]
BRDA:296,39,0,0
BRDA:296,40,0,0
BRDA:296,40,1,0
BRDA:310,41,0,0
BRDA:311,42,0,0
BRDA:317,43,0,0
BRDA:317,44,0,0
BRDA:317,44,1,0
BRDA:319,45,0,0
BRDA:319,46,0,0
BRDA:319,46,1,0
BRDA:334,47,0,0
BRDA:336,48,0,0
BRF:76
BRH:0
end_of_record
TN:
SF:utils\timeAgoFormatter.ts
FN:8,formatTimeAgo
FN:61,formatCount
FN:74,isValidTimestamp
FNF:3
FNH:0
FNDA:0,formatTimeAgo
FNDA:0,formatCount
FNDA:0,isValidTimestamp
DA:8,0
DA:9,0
DA:10,0
DA:11,0
DA:14,0
DA:15,0
DA:19,0
DA:20,0
DA:24,0
DA:25,0
DA:26,0
DA:30,0
DA:31,0
DA:32,0
DA:36,0
DA:37,0
DA:38,0
DA:42,0
DA:43,0
DA:44,0
DA:48,0
DA:49,0
DA:50,0
DA:54,0
DA:55,0
DA:61,0
DA:62,0
DA:63,0
DA:65,0
DA:66,0
DA:68,0
DA:74,0
DA:75,0
DA:76,0
LF:34
LH:0
BRDA:14,0,0,0
BRDA:19,1,0,0
BRDA:25,2,0,0
BRDA:31,3,0,0
BRDA:37,4,0,0
BRDA:43,5,0,0
BRDA:49,6,0,0
BRDA:62,7,0,0
BRDA:65,8,0,0
BRF:9
BRH:0
end_of_record
TN:
SF:utils\toast.ts
FN:13,(anonymous_0)
FN:32,(anonymous_1)
FN:92,(anonymous_2)
FN:129,(anonymous_3)
FN:133,(anonymous_4)
FN:136,(anonymous_5)
FN:138,(anonymous_6)
FN:148,(anonymous_7)
FN:187,(anonymous_8)
FN:201,(anonymous_9)
FN:215,(anonymous_10)
FN:219,(anonymous_11)
FN:223,(anonymous_12)
FN:227,(anonymous_13)
FNF:14
FNH:0
FNDA:0,(anonymous_0)
FNDA:0,(anonymous_1)
FNDA:0,(anonymous_2)
FNDA:0,(anonymous_3)
FNDA:0,(anonymous_4)
FNDA:0,(anonymous_5)
FNDA:0,(anonymous_6)
FNDA:0,(anonymous_7)
FNDA:0,(anonymous_8)
FNDA:0,(anonymous_9)
FNDA:0,(anonymous_10)
FNDA:0,(anonymous_11)
FNDA:0,(anonymous_12)
FNDA:0,(anonymous_13)
DA:11,0
DA:14,0
DA:15,0
DA:16,0
DA:17,0
DA:27,0
DA:29,0
DA:37,0
DA:39,0
DA:42,0
DA:45,0
DA:46,0
DA:65,0
DA:66,0
DA:67,0
DA:68,0
DA:71,0
DA:72,0
DA:73,0
DA:75,0
DA:76,0
DA:79,0
DA:80,0
DA:81,0
DA:92,0
DA:93,0
DA:96,0
DA:97,0
DA:119,0
DA:120,0
DA:121,0
DA:125,0
DA:128,0
DA:129,0
DA:133,0
DA:137,0
DA:138,0
DA:139,0
DA:141,0
DA:142,0
DA:143,0
DA:150,0
DA:151,0
DA:152,0
DA:153,0
DA:155,0
DA:157,0
DA:159,0
DA:160,0
DA:161,0
DA:162,0
DA:164,0
DA:165,0
DA:166,0
DA:167,0
DA:169,0
DA:170,0
DA:171,0
DA:173,0
DA:174,0
DA:175,0
DA:177,0
DA:178,0
DA:179,0
DA:181,0
DA:182,0
DA:183,0
DA:188,0
DA:190,0
DA:192,0
DA:194,0
DA:197,0
DA:202,0
DA:204,0
DA:206,0
DA:208,0
DA:211,0
DA:216,0
DA:220,0
DA:224,0
DA:228,0
DA:233,0
DA:236,0
LF:83
LH:0
BRDA:14,0,0,0
BRDA:32,1,0,0
BRDA:34,2,0,0
BRDA:35,3,0,0
BRDA:36,4,0,0
BRDA:119,5,0,0
BRDA:128,6,0,0
BRDA:141,7,0,0
BRDA:141,8,0,0
BRDA:141,8,1,0
BRDA:157,9,0,0
BRDA:157,9,1,0
BRDA:157,9,2,0
BRDA:157,9,3,0
BRDA:157,9,4,0
BRDA:157,9,5,0
BRDA:188,10,0,0
BRDA:188,10,1,0
BRDA:188,10,2,0
BRDA:188,10,3,0
BRDA:188,10,4,0
BRDA:202,11,0,0
BRDA:202,11,1,0
BRDA:202,11,2,0
BRDA:202,11,3,0
BRDA:202,11,4,0
BRF:26
BRH:0
end_of_record
TN:
SF:utils\tokenUtils.ts
FN:15,decodeJWT
FN:34,isTokenExpired
FN:47,getTokenExpiration
FN:59,getTimeUntilExpiration
FN:72,isTokenExpiringSoon
FN:81,formatTokenExpiration
FN:112,getUserIdFromToken
FN:120,getTokenIssuedTime
FNF:8
FNH:0
FNDA:0,decodeJWT
FNDA:0,isTokenExpired
FNDA:0,getTokenExpiration
FNDA:0,getTimeUntilExpiration
FNDA:0,isTokenExpiringSoon
FNDA:0,formatTokenExpiration
FNDA:0,getUserIdFromToken
FNDA:0,getTokenIssuedTime
DA:15,0
DA:16,0
DA:17,0
DA:18,0
DA:19,0
DA:22,0
DA:23,0
DA:24,0
DA:26,0
DA:27,0
DA:34,0
DA:35,0
DA:36,0
DA:37,0
DA:40,0
DA:41,0
DA:47,0
DA:48,0
DA:49,0
DA:50,0
DA:53,0
DA:59,0
DA:60,0
DA:61,0
DA:62,0
DA:65,0
DA:66,0
DA:72,0
DA:73,0
DA:74,0
DA:75,0
DA:81,0
DA:82,0
DA:83,0
DA:84,0
DA:87,0
DA:88,0
DA:90,0
DA:91,0
DA:94,0
DA:95,0
DA:96,0
DA:98,0
DA:99,0
DA:100,0
DA:101,0
DA:102,0
DA:103,0
DA:105,0
DA:112,0
DA:113,0
DA:114,0
DA:120,0
DA:121,0
DA:122,0
DA:123,0
DA:126,0
LF:57
LH:0
BRDA:18,0,0,0
BRDA:36,1,0,0
BRDA:36,2,0,0
BRDA:36,2,1,0
BRDA:49,3,0,0
BRDA:49,4,0,0
BRDA:49,4,1,0
BRDA:61,5,0,0
BRDA:61,6,0,0
BRDA:61,6,1,0
BRDA:72,7,0,0
BRDA:75,8,0,0
BRDA:75,8,1,0
BRDA:83,9,0,0
BRDA:90,10,0,0
BRDA:98,11,0,0
BRDA:98,11,1,0
BRDA:99,12,0,0
BRDA:99,12,1,0
BRDA:100,13,0,0
BRDA:100,13,1,0
BRDA:101,14,0,0
BRDA:101,14,1,0
BRDA:102,15,0,0
BRDA:102,15,1,0
BRDA:103,16,0,0
BRDA:103,16,1,0
BRDA:114,17,0,0
BRDA:114,17,1,0
BRDA:114,17,2,0
BRDA:122,18,0,0
BRDA:122,19,0,0
BRDA:122,19,1,0
BRF:33
BRH:0
end_of_record
TN:
SF:utils\typeGuards.ts
FN:16,isString
FN:23,isNumber
FN:30,isBoolean
FN:37,isDate
FN:44,isArray
FN:51,isObject
FN:62,isProduct
FN:80,assertProduct
FN:91,isProductArray
FN:102,isStoreData
FN:118,assertStoreData
FN:133,isLocation
FN:145,hasValidCoordinates
FN:169,isReview
FN:187,isReviewArray
FN:198,isDiscount
FN:214,isDiscountValid
FN:227,canApplyDiscount
FN:245,isPromotion
FN:260,isPromotionActive
FN:274,isCategory
FN:293,isValidEmail
FN:301,isValidPhone
FN:309,isValidPrice
FN:316,isValidRating
FN:323,isValidPercentage
FN:334,isSuccessResponse
FN:345,isErrorResponse
FN:356,isPaginatedResponse
FN:381,safeGet
FN:398,safeJsonParse
FN:409,safeNumber
FN:423,safeString
FNF:33
FNH:0
FNDA:0,isString
FNDA:0,isNumber
FNDA:0,isBoolean
FNDA:0,isDate
FNDA:0,isArray
FNDA:0,isObject
FNDA:0,isProduct
FNDA:0,assertProduct
FNDA:0,isProductArray
FNDA:0,isStoreData
FNDA:0,assertStoreData
FNDA:0,isLocation
FNDA:0,hasValidCoordinates
FNDA:0,isReview
FNDA:0,isReviewArray
FNDA:0,isDiscount
FNDA:0,isDiscountValid
FNDA:0,canApplyDiscount
FNDA:0,isPromotion
FNDA:0,isPromotionActive
FNDA:0,isCategory
FNDA:0,isValidEmail
FNDA:0,isValidPhone
FNDA:0,isValidPrice
FNDA:0,isValidRating
FNDA:0,isValidPercentage
FNDA:0,isSuccessResponse
FNDA:0,isErrorResponse
FNDA:0,isPaginatedResponse
FNDA:0,safeGet
FNDA:0,safeJsonParse
FNDA:0,safeNumber
FNDA:0,safeString
DA:16,0
DA:17,0
DA:23,0
DA:24,0
DA:30,0
DA:31,0
DA:37,0
DA:38,0
DA:44,0
DA:45,0
DA:51,0
DA:52,0
DA:62,0
DA:63,0
DA:65,0
DA:80,0
DA:81,0
DA:82,0
DA:91,0
DA:92,0
DA:102,0
DA:103,0
DA:105,0
DA:118,0
DA:119,0
DA:120,0
DA:133,0
DA:134,0
DA:136,0
DA:145,0
DA:146,0
DA:148,0
DA:149,0
DA:150,0
DA:152,0
DA:169,0
DA:170,0
DA:172,0
DA:187,0
DA:188,0
DA:198,0
DA:199,0
DA:201,0
DA:214,0
DA:215,0
DA:217,0
DA:218,0
DA:219,0
DA:221,0
DA:227,0
DA:228,0
DA:229,0
DA:231,0
DA:232,0
DA:235,0
DA:245,0
DA:246,0
DA:248,0
DA:260,0
DA:261,0
DA:263,0
DA:264,0
DA:274,0
DA:275,0
DA:277,0
DA:293,0
DA:294,0
DA:295,0
DA:301,0
DA:302,0
DA:303,0
DA:309,0
DA:310,0
DA:316,0
DA:317,0
DA:323,0
DA:324,0
DA:334,0
DA:335,0
DA:345,0
DA:346,0
DA:356,0
DA:364,0
DA:381,0
DA:382,0
DA:383,0
DA:385,0
DA:386,0
DA:387,0
DA:389,0
DA:392,0
DA:398,0
DA:399,0
DA:400,0
DA:402,0
DA:409,0
DA:410,0
DA:412,0
DA:413,0
DA:414,0
DA:417,0
DA:423,0
DA:424,0
DA:425,0
DA:426,0
DA:433,0
LF:106
LH:0
BRDA:24,0,0,0
BRDA:24,0,1,0
BRDA:24,0,2,0
BRDA:38,1,0,0
BRDA:38,1,1,0
BRDA:52,2,0,0
BRDA:52,2,1,0
BRDA:52,2,2,0
BRDA:63,3,0,0
BRDA:66,4,0,0
BRDA:66,4,1,0
BRDA:66,4,2,0
BRDA:66,4,3,0
BRDA:66,4,4,0
BRDA:66,4,5,0
BRDA:66,4,6,0
BRDA:66,4,7,0
BRDA:66,4,8,0
BRDA:81,5,0,0
BRDA:92,6,0,0
BRDA:92,6,1,0
BRDA:103,7,0,0
BRDA:106,8,0,0
BRDA:106,8,1,0
BRDA:106,8,2,0
BRDA:106,8,3,0
BRDA:106,8,4,0
BRDA:106,8,5,0
BRDA:119,9,0,0
BRDA:134,10,0,0
BRDA:137,11,0,0
BRDA:137,11,1,0
BRDA:146,12,0,0
BRDA:146,13,0,0
BRDA:146,13,1,0
BRDA:149,14,0,0
BRDA:149,14,1,0
BRDA:150,15,0,0
BRDA:150,15,1,0
BRDA:153,16,0,0
BRDA:153,16,1,0
BRDA:153,16,2,0
BRDA:153,16,3,0
BRDA:153,16,4,0
BRDA:153,16,5,0
BRDA:170,17,0,0
BRDA:173,18,0,0
BRDA:173,18,1,0
BRDA:173,18,2,0
BRDA:173,18,3,0
BRDA:173,18,4,0
BRDA:173,18,5,0
BRDA:173,18,6,0
BRDA:173,18,7,0
BRDA:188,19,0,0
BRDA:188,19,1,0
BRDA:199,20,0,0
BRDA:202,21,0,0
BRDA:202,21,1,0
BRDA:202,21,2,0
BRDA:202,21,3,0
BRDA:202,21,4,0
BRDA:202,21,5,0
BRDA:202,21,6,0
BRDA:215,22,0,0
BRDA:221,23,0,0
BRDA:221,23,1,0
BRDA:228,24,0,0
BRDA:229,25,0,0
BRDA:231,26,0,0
BRDA:231,27,0,0
BRDA:231,27,1,0
BRDA:246,28,0,0
BRDA:249,29,0,0
BRDA:249,29,1,0
BRDA:249,29,2,0
BRDA:249,29,3,0
BRDA:249,29,4,0
BRDA:261,30,0,0
BRDA:264,31,0,0
BRDA:264,31,1,0
BRDA:275,32,0,0
BRDA:278,33,0,0
BRDA:278,33,1,0
BRDA:278,33,2,0
BRDA:278,33,3,0
BRDA:278,33,4,0
BRDA:310,34,0,0
BRDA:310,34,1,0
BRDA:310,34,2,0
BRDA:317,35,0,0
BRDA:317,35,1,0
BRDA:317,35,2,0
BRDA:324,36,0,0
BRDA:324,36,1,0
BRDA:324,36,2,0
BRDA:336,37,0,0
BRDA:336,37,1,0
BRDA:336,37,2,0
BRDA:347,38,0,0
BRDA:347,38,1,0
BRDA:347,38,2,0
BRDA:365,39,0,0
BRDA:365,39,1,0
BRDA:365,39,2,0
BRDA:365,39,3,0
BRDA:365,39,4,0
BRDA:365,39,5,0
BRDA:386,40,0,0
BRDA:386,41,0,0
BRDA:386,41,1,0
BRDA:392,42,0,0
BRDA:392,42,1,0
BRDA:409,43,0,0
BRDA:410,44,0,0
BRDA:412,45,0,0
BRDA:414,46,0,0
BRDA:414,46,1,0
BRDA:423,47,0,0
BRDA:424,48,0,0
BRDA:425,49,0,0
BRDA:425,50,0,0
BRDA:425,50,1,0
BRF:123
BRH:0
end_of_record
TN:
SF:utils\uploadProgress.ts
FN:15,(anonymous_0)
FN:64,(anonymous_1)
FN:72,(anonymous_2)
FN:83,(anonymous_3)
FN:107,(anonymous_4)
FN:114,(anonymous_5)
FN:121,(anonymous_6)
FN:129,(anonymous_7)
FN:137,(anonymous_8)
FN:144,(anonymous_9)
FN:151,(anonymous_10)
FN:160,(anonymous_11)
FN:184,(anonymous_12)
FN:198,(anonymous_13)
FN:221,(anonymous_14)
FN:237,formatFileSize
FN:255,formatSpeed
FN:267,formatDuration
FN:308,formatProgress
FN:355,calculateAverageSpeed
FN:374,estimateTotalTime
FN:395,createProgressMessage
FN:429,getProgressColor
FN:458,isUploadInProgress
FN:472,isUploadComplete
FN:487,createProgressFromEvent
FN:509,(anonymous_26)
FN:517,(anonymous_27)
FN:524,(anonymous_28)
FN:531,(anonymous_29)
FN:547,(anonymous_30)
FN:548,(anonymous_31)
FN:549,(anonymous_32)
FN:555,(anonymous_33)
FN:557,(anonymous_34)
FN:559,(anonymous_35)
FN:573,(anonymous_36)
FN:581,(anonymous_37)
FNF:38
FNH:0
FNDA:0,(anonymous_0)
FNDA:0,(anonymous_1)
FNDA:0,(anonymous_2)
FNDA:0,(anonymous_3)
FNDA:0,(anonymous_4)
FNDA:0,(anonymous_5)
FNDA:0,(anonymous_6)
FNDA:0,(anonymous_7)
FNDA:0,(anonymous_8)
FNDA:0,(anonymous_9)
FNDA:0,(anonymous_10)
FNDA:0,(anonymous_11)
FNDA:0,(anonymous_12)
FNDA:0,(anonymous_13)
FNDA:0,(anonymous_14)
FNDA:0,formatFileSize
FNDA:0,formatSpeed
FNDA:0,formatDuration
FNDA:0,formatProgress
FNDA:0,calculateAverageSpeed
FNDA:0,estimateTotalTime
FNDA:0,createProgressMessage
FNDA:0,getProgressColor
FNDA:0,isUploadInProgress
FNDA:0,isUploadComplete
FNDA:0,createProgressFromEvent
FNDA:0,(anonymous_26)
FNDA:0,(anonymous_27)
FNDA:0,(anonymous_28)
FNDA:0,(anonymous_29)
FNDA:0,(anonymous_30)
FNDA:0,(anonymous_31)
FNDA:0,(anonymous_32)
FNDA:0,(anonymous_33)
FNDA:0,(anonymous_34)
FNDA:0,(anonymous_35)
FNDA:0,(anonymous_36)
FNDA:0,(anonymous_37)
DA:15,0
DA:16,0
DA:17,0
DA:18,0
DA:19,0
DA:20,0
DA:21,0
DA:22,0
DA:23,0
DA:54,0
DA:55,0
DA:56,0
DA:57,0
DA:58,0
DA:59,0
DA:60,0
DA:65,0
DA:66,0
DA:73,0
DA:74,0
DA:75,0
DA:76,0
DA:77,0
DA:84,0
DA:85,0
DA:88,0
DA:91,0
DA:96,0
DA:99,0
DA:100,0
DA:108,0
DA:115,0
DA:122,0
DA:123,0
DA:130,0
DA:131,0
DA:138,0
DA:145,0
DA:152,0
DA:153,0
DA:161,0
DA:162,0
DA:166,0
DA:167,0
DA:168,0
DA:170,0
DA:171,0
DA:173,0
DA:174,0
DA:178,0
DA:185,0
DA:187,0
DA:188,0
DA:191,0
DA:192,0
DA:199,0
DA:203,0
DA:222,0
DA:223,0
DA:224,0
DA:225,0
DA:226,0
DA:237,0
DA:238,0
DA:240,0
DA:241,0
DA:242,0
DA:244,0
DA:246,0
DA:255,0
DA:256,0
DA:258,0
DA:267,0
DA:268,0
DA:270,0
DA:272,0
DA:273,0
DA:276,0
DA:277,0
DA:279,0
DA:280,0
DA:285,0
DA:286,0
DA:288,0
DA:308,0
DA:309,0
DA:311,0
DA:313,0
DA:314,0
DA:316,0
DA:317,0
DA:319,0
DA:320,0
DA:322,0
DA:323,0
DA:325,0
DA:326,0
DA:328,0
DA:329,0
DA:331,0
DA:332,0
DA:334,0
DA:335,0
DA:338,0
DA:355,0
DA:359,0
DA:361,0
DA:362,0
DA:365,0
DA:374,0
DA:375,0
DA:376,0
DA:379,0
DA:380,0
DA:382,0
DA:383,0
DA:386,0
DA:395,0
DA:396,0
DA:398,0
DA:400,0
DA:401,0
DA:403,0
DA:406,0
DA:409,0
DA:410,0
DA:413,0
DA:416,0
DA:419,0
DA:429,0
DA:430,0
DA:433,0
DA:436,0
DA:439,0
DA:442,0
DA:445,0
DA:448,0
DA:458,0
DA:459,0
DA:472,0
DA:473,0
DA:487,0
DA:491,0
DA:503,0
DA:504,0
DA:510,0
DA:511,0
DA:518,0
DA:525,0
DA:532,0
DA:534,0
DA:535,0
DA:547,0
DA:548,0
DA:549,0
DA:551,0
DA:554,0
DA:555,0
DA:556,0
DA:557,0
DA:558,0
DA:559,0
DA:560,0
DA:563,0
DA:564,0
DA:566,0
DA:573,0
DA:582,0
LF:168
LH:0
BRDA:15,0,0,0
BRDA:15,0,1,0
BRDA:84,1,0,0
BRDA:99,2,0,0
BRDA:152,3,0,0
BRDA:161,4,0,0
BRDA:173,5,0,0
BRDA:187,6,0,0
BRDA:187,7,0,0
BRDA:187,7,1,0
BRDA:199,8,0,0
BRDA:199,8,1,0
BRDA:237,9,0,0
BRDA:238,10,0,0
BRDA:241,11,0,0
BRDA:241,11,1,0
BRDA:256,12,0,0
BRDA:268,13,0,0
BRDA:272,14,0,0
BRDA:279,15,0,0
BRDA:280,16,0,0
BRDA:280,16,1,0
BRDA:288,17,0,0
BRDA:288,17,1,0
BRDA:311,18,0,0
BRDA:311,18,1,0
BRDA:311,18,2,0
BRDA:311,18,3,0
BRDA:311,18,4,0
BRDA:311,18,5,0
BRDA:311,18,6,0
BRDA:311,18,7,0
BRDA:328,19,0,0
BRDA:328,19,1,0
BRDA:361,20,0,0
BRDA:375,21,0,0
BRDA:375,22,0,0
BRDA:375,22,1,0
BRDA:382,23,0,0
BRDA:398,24,0,0
BRDA:398,24,1,0
BRDA:398,24,2,0
BRDA:398,24,3,0
BRDA:398,24,4,0
BRDA:398,24,5,0
BRDA:400,25,0,0
BRDA:400,26,0,0
BRDA:400,26,1,0
BRDA:430,27,0,0
BRDA:430,27,1,0
BRDA:430,27,2,0
BRDA:430,27,3,0
BRDA:430,27,4,0
BRDA:430,27,5,0
BRDA:430,27,6,0
BRDA:460,28,0,0
BRDA:460,28,1,0
BRDA:460,28,2,0
BRDA:474,29,0,0
BRDA:474,29,1,0
BRDA:474,29,2,0
BRDA:493,30,0,0
BRDA:493,30,1,0
BRDA:494,31,0,0
BRDA:494,31,1,0
BRDA:534,32,0,0
BRDA:551,33,0,0
BRDA:551,33,1,0
BRDA:555,34,0,0
BRDA:555,34,1,0
BRDA:557,35,0,0
BRDA:557,35,1,0
BRDA:559,36,0,0
BRDA:564,37,0,0
BRDA:564,37,1,0
BRF:75
BRH:0
end_of_record
TN:
SF:utils\validation.ts
FN:37,validateSharePlatform
FN:56,validateReferralCode
FN:74,sanitizeInput
FN:101,validateEmail
FN:121,validateApiParams
FN:147,isValidSharePlatform
FNF:6
FNH:6
FNDA:30,validateSharePlatform
FNDA:20,validateReferralCode
FNDA:1021,sanitizeInput
FNDA:1026,validateEmail
FNDA:4,validateApiParams
FNDA:10,isValidSharePlatform
DA:7,1
DA:21,1
DA:24,1
DA:27,1
DA:37,1
DA:38,30
DA:39,6
DA:42,24
DA:43,24
DA:56,1
DA:57,20
DA:58,3
DA:61,17
DA:62,17
DA:74,1
DA:75,1021
DA:76,3
DA:80,1018
DA:83,1018
DA:86,1018
DA:88,1018
DA:101,1
DA:102,1026
DA:103,5
DA:106,1021
DA:107,1021
DA:121,1
DA:128,4
DA:130,4
DA:131,9
DA:132,5
DA:136,4
DA:147,1
DA:148,10
LF:34
LH:34
BRDA:38,0,0,6
BRDA:38,1,0,30
BRDA:38,1,1,27
BRDA:57,2,0,3
BRDA:57,3,0,20
BRDA:57,3,1,17
BRDA:75,4,0,3
BRDA:75,5,0,1021
BRDA:75,5,1,1018
BRDA:102,6,0,5
BRDA:102,7,0,1026
BRDA:102,7,1,1023
BRDA:131,8,0,5
BRDA:148,9,0,10
BRDA:148,9,1,6
BRF:15
BRH:15
end_of_record
TN:
SF:utils\variantHelper.ts
FN:14,hasVariants
FN:36,formatVariantDisplay
FN:49,(anonymous_2)
FN:69,generateVariantSku
FN:98,createCartItemFromVariant
FN:134,variantsMatch
FN:163,mergeVariantWithCartItem
FN:215,getVariantDisplayName
FN:238,isVariantSelectionComplete
FN:243,(anonymous_9)
FN:252,extractVariantAttributes
FN:268,getVariantPrice
FN:285,isVariantInStock
FNF:13
FNH:12
FNDA:7,hasVariants
FNDA:9,formatVariantDisplay
FNDA:16,(anonymous_2)
FNDA:11,generateVariantSku
FNDA:6,createCartItemFromVariant
FNDA:5,variantsMatch
FNDA:0,mergeVariantWithCartItem
FNDA:6,getVariantDisplayName
FNDA:6,isVariantSelectionComplete
FNDA:12,(anonymous_9)
FNDA:2,extractVariantAttributes
FNDA:3,getVariantPrice
FNDA:6,isVariantInStock
DA:14,1
DA:16,7
DA:19,7
DA:22,7
DA:28,7
DA:36,1
DA:37,9
DA:39,9
DA:40,7
DA:43,9
DA:44,5
DA:48,9
DA:50,16
DA:53,9
DA:54,2
DA:55,2
DA:56,2
DA:60,9
DA:69,1
DA:74,11
DA:75,5
DA:79,6
DA:80,6
DA:81,6
DA:86,6
DA:88,6
DA:98,1
DA:103,6
DA:104,6
DA:106,6
DA:134,1
DA:138,5
DA:143,5
DA:144,11
DA:149,2
DA:153,3
DA:163,1
DA:168,0
DA:189,0
DA:194,0
DA:196,0
DA:200,0
DA:215,1
DA:217,6
DA:218,1
DA:221,5
DA:222,1
DA:225,4
DA:226,2
DA:229,2
DA:238,1
DA:242,6
DA:243,12
DA:252,1
DA:253,2
DA:268,1
DA:272,3
DA:273,2
DA:276,1
DA:285,1
DA:289,6
DA:290,1
DA:293,5
LF:63
LH:58
BRDA:23,0,0,7
BRDA:23,0,1,5
BRDA:23,0,2,4
BRDA:28,1,0,7
BRDA:28,1,1,6
BRDA:28,1,2,4
BRDA:39,2,0,7
BRDA:43,3,0,5
BRDA:55,4,0,2
BRDA:55,5,0,2
BRDA:55,5,1,2
BRDA:60,6,0,8
BRDA:60,6,1,1
BRDA:74,7,0,5
BRDA:80,8,0,5
BRDA:80,8,1,1
BRDA:81,9,0,5
BRDA:81,9,1,1
BRDA:86,10,0,6
BRDA:86,10,1,5
BRDA:101,11,0,4
BRDA:104,12,0,6
BRDA:104,12,1,1
BRDA:112,13,0,6
BRDA:112,13,1,0
BRDA:144,14,0,2
BRDA:145,15,0,11
BRDA:145,15,1,10
BRDA:145,15,2,9
BRDA:166,16,0,0
BRDA:176,17,0,0
BRDA:176,17,1,0
BRDA:190,18,0,0
BRDA:190,18,1,0
BRDA:194,19,0,0
BRDA:217,20,0,1
BRDA:217,21,0,6
BRDA:217,21,1,3
BRDA:221,22,0,1
BRDA:221,23,0,5
BRDA:221,23,1,3
BRDA:225,24,0,2
BRDA:225,25,0,4
BRDA:225,25,1,2
BRDA:240,26,0,1
BRDA:243,27,0,12
BRDA:243,27,1,11
BRDA:243,27,2,10
BRDA:254,28,0,2
BRDA:254,28,1,1
BRDA:255,29,0,2
BRDA:255,29,1,1
BRDA:256,30,0,2
BRDA:256,30,1,1
BRDA:257,31,0,2
BRDA:257,31,1,1
BRDA:258,32,0,2
BRDA:258,32,1,1
BRDA:272,33,0,2
BRDA:272,34,0,3
BRDA:272,34,1,2
BRDA:287,35,0,4
BRDA:289,36,0,1
BRDA:289,37,0,6
BRDA:289,37,1,5
BRF:65
BRH:58
end_of_record
TN:
SF:utils\videoUtils.ts
FN:12,(anonymous_0)
FN:31,(anonymous_1)
FN:55,(anonymous_2)
FN:67,(anonymous_3)
FNF:4
FNH:0
FNDA:0,(anonymous_0)
FNDA:0,(anonymous_1)
FNDA:0,(anonymous_2)
FNDA:0,(anonymous_3)
DA:2,0
DA:12,0
DA:13,0
DA:14,0
DA:23,0
DA:31,0
DA:32,0
DA:41,0
DA:42,0
DA:52,0
DA:55,0
DA:56,0
DA:58,0
DA:60,0
DA:64,0
DA:67,0
DA:68,0
DA:69,0
DA:77,0
LF:19
LH:0
BRDA:13,0,0,0
BRDA:41,1,0,0
BRDA:45,2,0,0
BRDA:45,2,1,0
BRDA:58,3,0,0
BRDA:68,4,0,0
BRF:6
BRH:0
end_of_record
TN:
SF:utils\virtualizationPerformanceMonitor.ts
FN:65,(anonymous_1)
FN:72,(anonymous_2)
FN:74,(anonymous_3)
FN:85,(anonymous_4)
FN:98,(anonymous_5)
FN:111,(anonymous_6)
FN:124,(anonymous_7)
FN:134,(anonymous_8)
FN:138,(anonymous_9)
FN:161,(anonymous_10)
FN:165,(anonymous_11)
FN:184,(anonymous_12)
FN:201,(anonymous_13)
FN:205,(anonymous_14)
FN:211,(anonymous_15)
FN:221,(anonymous_16)
FN:245,(anonymous_17)
FN:278,(anonymous_18)
FN:286,(anonymous_19)
FN:290,(anonymous_20)
FN:299,(anonymous_21)
FN:321,(anonymous_22)
FN:327,(anonymous_23)
FN:375,(anonymous_24)
FN:378,(anonymous_25)
FN:389,(anonymous_26)
FN:390,(anonymous_27)
FN:394,(anonymous_28)
FN:418,(anonymous_29)
FN:431,(anonymous_30)
FN:446,(anonymous_31)
FNF:31
FNH:0
FNDA:0,(anonymous_1)
FNDA:0,(anonymous_2)
FNDA:0,(anonymous_3)
FNDA:0,(anonymous_4)
FNDA:0,(anonymous_5)
FNDA:0,(anonymous_6)
FNDA:0,(anonymous_7)
FNDA:0,(anonymous_8)
FNDA:0,(anonymous_9)
FNDA:0,(anonymous_10)
FNDA:0,(anonymous_11)
FNDA:0,(anonymous_12)
FNDA:0,(anonymous_13)
FNDA:0,(anonymous_14)
FNDA:0,(anonymous_15)
FNDA:0,(anonymous_16)
FNDA:0,(anonymous_17)
FNDA:0,(anonymous_18)
FNDA:0,(anonymous_19)
FNDA:0,(anonymous_20)
FNDA:0,(anonymous_21)
FNDA:0,(anonymous_22)
FNDA:0,(anonymous_23)
FNDA:0,(anonymous_24)
FNDA:0,(anonymous_25)
FNDA:0,(anonymous_26)
FNDA:0,(anonymous_27)
FNDA:0,(anonymous_28)
FNDA:0,(anonymous_29)
FNDA:0,(anonymous_30)
FNDA:0,(anonymous_31)
DA:14,0
DA:15,0
DA:52,0
DA:53,0
DA:54,0
DA:55,0
DA:56,0
DA:57,0
DA:58,0
DA:60,0
DA:62,0
DA:63,0
DA:66,0
DA:74,0
DA:75,0
DA:76,0
DA:86,0
DA:88,0
DA:89,0
DA:92,0
DA:99,0
DA:101,0
DA:102,0
DA:105,0
DA:112,0
DA:114,0
DA:117,0
DA:125,0
DA:126,0
DA:127,0
DA:135,0
DA:136,0
DA:138,0
DA:139,0
DA:141,0
DA:142,0
DA:144,0
DA:145,0
DA:146,0
DA:148,0
DA:149,0
DA:152,0
DA:155,0
DA:162,0
DA:163,0
DA:165,0
DA:166,0
DA:167,0
DA:169,0
DA:170,0
DA:171,0
DA:173,0
DA:174,0
DA:177,0
DA:185,0
DA:188,0
DA:189,0
DA:193,0
DA:194,0
DA:202,0
DA:204,0
DA:205,0
DA:212,0
DA:222,0
DA:224,0
DA:225,0
DA:226,0
DA:228,0
DA:229,0
DA:231,0
DA:234,0
DA:235,0
DA:246,0
DA:247,0
DA:250,0
DA:252,0
DA:259,0
DA:262,0
DA:263,0
DA:267,0
DA:268,0
DA:271,0
DA:272,0
DA:279,0
DA:280,0
DA:287,0
DA:289,0
DA:290,0
DA:293,0
DA:308,0
DA:310,0
DA:311,0
DA:312,0
DA:321,0
DA:328,0
DA:331,0
DA:332,0
DA:338,0
DA:339,0
DA:345,0
DA:346,0
DA:352,0
DA:353,0
DA:359,0
DA:360,0
DA:365,0
DA:366,0
DA:369,0
DA:377,0
DA:378,0
DA:381,0
DA:382,0
DA:384,0
DA:385,0
DA:386,0
DA:388,0
DA:389,0
DA:390,0
DA:393,0
DA:394,0
DA:397,0
DA:410,0
DA:412,0
DA:419,0
DA:420,0
DA:421,0
DA:422,0
DA:423,0
DA:425,0
DA:432,0
DA:434,0
DA:435,0
DA:436,0
DA:437,0
DA:438,0
DA:439,0
DA:440,0
DA:441,0
DA:442,0
DA:443,0
DA:444,0
DA:445,0
DA:446,0
DA:447,0
DA:449,0
DA:454,0
DA:455,0
LF:147
LH:0
BRDA:86,0,0,0
BRDA:99,1,0,0
BRDA:112,2,0,0
BRDA:112,2,1,0
BRDA:125,3,0,0
BRDA:139,4,0,0
BRDA:144,5,0,0
BRDA:169,6,0,0
BRDA:188,7,0,0
BRDA:193,8,0,0
BRDA:202,9,0,0
BRDA:224,10,0,0
BRDA:234,11,0,0
BRDA:250,12,0,0
BRDA:250,12,1,0
BRDA:262,13,0,0
BRDA:267,14,0,0
BRDA:279,15,0,0
BRDA:287,16,0,0
BRDA:290,17,0,0
BRDA:290,17,1,0
BRDA:311,18,0,0
BRDA:311,19,0,0
BRDA:311,19,1,0
BRDA:331,20,0,0
BRDA:331,21,0,0
BRDA:331,21,1,0
BRDA:338,22,0,0
BRDA:338,23,0,0
BRDA:338,23,1,0
BRDA:345,24,0,0
BRDA:345,25,0,0
BRDA:345,25,1,0
BRDA:352,26,0,0
BRDA:352,27,0,0
BRDA:352,27,1,0
BRDA:359,28,0,0
BRDA:359,29,0,0
BRDA:359,29,1,0
BRDA:365,30,0,0
BRDA:377,31,0,0
BRDA:377,31,1,0
BRDA:381,32,0,0
BRDA:381,32,1,0
BRDA:382,33,0,0
BRDA:382,33,1,0
BRDA:393,34,0,0
BRDA:393,34,1,0
BRF:48
BRH:0
end_of_record
